This file contains any messages produced by compilers while
running configure, to aid debugging if configure makes a mistake.

It was created by openvswitch configure 2.6.2, which was
generated by GNU Autoconf 2.69.  Invocation command line was

  $ ./configure --prefix=/usr --localstatedir=/var --sysconfdir=/etc

## --------- ##
## Platform. ##
## --------- ##

hostname = shweta
uname -m = x86_64
uname -r = 4.10.0-28-generic
uname -s = Linux
uname -v = #32~16.04.2-Ubuntu SMP Thu Jul 20 10:19:48 UTC 2017

/usr/bin/uname -p = unknown
/bin/uname -X     = unknown

/bin/arch              = unknown
/usr/bin/arch -k       = unknown
/usr/convex/getsysinfo = unknown
/usr/bin/hostinfo      = unknown
/bin/machine           = unknown
/usr/bin/oslevel       = unknown
/bin/universe          = unknown

PATH: /usr/local/sbin
PATH: /usr/local/bin
PATH: /usr/sbin
PATH: /usr/bin
PATH: /sbin
PATH: /bin
PATH: /snap/bin
PATH: /snap/bin


## ----------- ##
## Core tests. ##
## ----------- ##

configure:2703: checking for a BSD-compatible install
configure:2771: result: /usr/bin/install -c
configure:2782: checking whether build environment is sane
configure:2837: result: yes
configure:2988: checking for a thread-safe mkdir -p
configure:3027: result: /bin/mkdir -p
configure:3034: checking for gawk
configure:3064: result: no
configure:3034: checking for mawk
configure:3050: found /usr/bin/mawk
configure:3061: result: mawk
configure:3072: checking whether make sets $(MAKE)
configure:3094: result: yes
configure:3123: checking whether make supports nested variables
configure:3140: result: yes
configure:3219: checking how to create a pax tar archive
configure:3230: tar --version
tar (GNU tar) 1.28
Copyright (C) 2014 Free Software Foundation, Inc.
License GPLv3+: GNU GPL version 3 or later <http://gnu.org/licenses/gpl.html>.
This is free software: you are free to change and redistribute it.
There is NO WARRANTY, to the extent permitted by law.

Written by John Gilmore and Jay Fenlason.
configure:3233: $? = 0
configure:3273: tardir=conftest.dir && eval tar --format=posix -chf - "$tardir" >conftest.tar
configure:3276: $? = 0
configure:3280: tar -xf - <conftest.tar
configure:3283: $? = 0
configure:3285: cat conftest.dir/file
GrepMe
configure:3288: $? = 0
configure:3301: result: gnutar
configure:3364: checking for style of include used by make
configure:3392: result: GNU
configure:3463: checking for gcc
configure:3479: found /usr/bin/gcc
configure:3490: result: gcc
configure:3719: checking for C compiler version
configure:3728: gcc --version >&5
gcc (Ubuntu 5.4.0-6ubuntu1~16.04.4) 5.4.0 20160609
Copyright (C) 2015 Free Software Foundation, Inc.
This is free software; see the source for copying conditions.  There is NO
warranty; not even for MERCHANTABILITY or FITNESS FOR A PARTICULAR PURPOSE.

configure:3739: $? = 0
configure:3728: gcc -v >&5
Using built-in specs.
COLLECT_GCC=gcc
COLLECT_LTO_WRAPPER=/usr/lib/gcc/x86_64-linux-gnu/5/lto-wrapper
Target: x86_64-linux-gnu
Configured with: ../src/configure -v --with-pkgversion='Ubuntu 5.4.0-6ubuntu1~16.04.4' --with-bugurl=file:///usr/share/doc/gcc-5/README.Bugs --enable-languages=c,ada,c++,java,go,d,fortran,objc,obj-c++ --prefix=/usr --program-suffix=-5 --enable-shared --enable-linker-build-id --libexecdir=/usr/lib --without-included-gettext --enable-threads=posix --libdir=/usr/lib --enable-nls --with-sysroot=/ --enable-clocale=gnu --enable-libstdcxx-debug --enable-libstdcxx-time=yes --with-default-libstdcxx-abi=new --enable-gnu-unique-object --disable-vtable-verify --enable-libmpx --enable-plugin --with-system-zlib --disable-browser-plugin --enable-java-awt=gtk --enable-gtk-cairo --with-java-home=/usr/lib/jvm/java-1.5.0-gcj-5-amd64/jre --enable-java-home --with-jvm-root-dir=/usr/lib/jvm/java-1.5.0-gcj-5-amd64 --with-jvm-jar-dir=/usr/lib/jvm-exports/java-1.5.0-gcj-5-amd64 --with-arch-directory=amd64 --with-ecj-jar=/usr/share/java/eclipse-ecj.jar --enable-objc-gc --enable-multiarch --disable-werror --with-arch-32=i686 --with-abi=m64 --with-multilib-list=m32,m64,mx32 --enable-multilib --with-tune=generic --enable-checking=release --build=x86_64-linux-gnu --host=x86_64-linux-gnu --target=x86_64-linux-gnu
Thread model: posix
gcc version 5.4.0 20160609 (Ubuntu 5.4.0-6ubuntu1~16.04.4) 
configure:3739: $? = 0
configure:3728: gcc -V >&5
gcc: error: unrecognized command line option '-V'
gcc: fatal error: no input files
compilation terminated.
configure:3739: $? = 1
configure:3728: gcc -qversion >&5
gcc: error: unrecognized command line option '-qversion'
gcc: fatal error: no input files
compilation terminated.
configure:3739: $? = 1
configure:3759: checking whether the C compiler works
configure:3781: gcc    conftest.c  >&5
configure:3785: $? = 0
configure:3833: result: yes
configure:3836: checking for C compiler default output file name
configure:3838: result: a.out
configure:3844: checking for suffix of executables
configure:3851: gcc -o conftest    conftest.c  >&5
configure:3855: $? = 0
configure:3877: result: 
configure:3899: checking whether we are cross compiling
configure:3907: gcc -o conftest    conftest.c  >&5
configure:3911: $? = 0
configure:3918: ./conftest
configure:3922: $? = 0
configure:3937: result: no
configure:3942: checking for suffix of object files
configure:3964: gcc -c   conftest.c >&5
configure:3968: $? = 0
configure:3989: result: o
configure:3993: checking whether we are using the GNU C compiler
configure:4012: gcc -c   conftest.c >&5
configure:4012: $? = 0
configure:4021: result: yes
configure:4030: checking whether gcc accepts -g
configure:4050: gcc -c -g  conftest.c >&5
configure:4050: $? = 0
configure:4091: result: yes
configure:4108: checking for gcc option to accept ISO C89
configure:4171: gcc  -c -g -O2  conftest.c >&5
configure:4171: $? = 0
configure:4184: result: none needed
configure:4209: checking whether gcc understands -c and -o together
configure:4231: gcc -c conftest.c -o conftest2.o
configure:4234: $? = 0
configure:4231: gcc -c conftest.c -o conftest2.o
configure:4234: $? = 0
configure:4246: result: yes
configure:4265: checking dependency style of gcc
configure:4376: result: gcc3
configure:4391: checking for gcc option to accept ISO C99
configure:4540: gcc  -c -g -O2  conftest.c >&5
configure:4540: $? = 0
configure:4553: result: none needed
configure:4574: checking how to run the C preprocessor
configure:4605: gcc -E  conftest.c
configure:4605: $? = 0
configure:4619: gcc -E  conftest.c
conftest.c:11:28: fatal error: ac_nonexistent.h: No such file or directory
compilation terminated.
configure:4619: $? = 1
configure: failed program was:
| /* confdefs.h */
| #define PACKAGE_NAME "openvswitch"
| #define PACKAGE_TARNAME "openvswitch"
| #define PACKAGE_VERSION "2.6.2"
| #define PACKAGE_STRING "openvswitch 2.6.2"
| #define PACKAGE_BUGREPORT "bugs@openvswitch.org"
| #define PACKAGE_URL ""
| #define PACKAGE "openvswitch"
| #define VERSION "2.6.2"
| /* end confdefs.h.  */
| #include <ac_nonexistent.h>
configure:4644: result: gcc -E
configure:4664: gcc -E  conftest.c
configure:4664: $? = 0
configure:4678: gcc -E  conftest.c
conftest.c:11:28: fatal error: ac_nonexistent.h: No such file or directory
compilation terminated.
configure:4678: $? = 1
configure: failed program was:
| /* confdefs.h */
| #define PACKAGE_NAME "openvswitch"
| #define PACKAGE_TARNAME "openvswitch"
| #define PACKAGE_VERSION "2.6.2"
| #define PACKAGE_STRING "openvswitch 2.6.2"
| #define PACKAGE_BUGREPORT "bugs@openvswitch.org"
| #define PACKAGE_URL ""
| #define PACKAGE "openvswitch"
| #define VERSION "2.6.2"
| /* end confdefs.h.  */
| #include <ac_nonexistent.h>
configure:4707: checking for grep that handles long lines and -e
configure:4765: result: /bin/grep
configure:4770: checking for fgrep
configure:4832: result: /bin/grep -F
configure:4837: checking for egrep
configure:4899: result: /bin/grep -E
configure:4908: checking for perl
configure:4926: found /usr/bin/perl
configure:4939: result: /usr/bin/perl
configure:4957: checking for ANSI C header files
configure:4977: gcc -c -g -O2  conftest.c >&5
configure:4977: $? = 0
configure:5050: gcc -o conftest -g -O2   conftest.c  >&5
configure:5050: $? = 0
configure:5050: ./conftest
configure:5050: $? = 0
configure:5061: result: yes
configure:5074: checking for sys/types.h
configure:5074: gcc -c -g -O2  conftest.c >&5
configure:5074: $? = 0
configure:5074: result: yes
configure:5074: checking for sys/stat.h
configure:5074: gcc -c -g -O2  conftest.c >&5
configure:5074: $? = 0
configure:5074: result: yes
configure:5074: checking for stdlib.h
configure:5074: gcc -c -g -O2  conftest.c >&5
configure:5074: $? = 0
configure:5074: result: yes
configure:5074: checking for string.h
configure:5074: gcc -c -g -O2  conftest.c >&5
configure:5074: $? = 0
configure:5074: result: yes
configure:5074: checking for memory.h
configure:5074: gcc -c -g -O2  conftest.c >&5
configure:5074: $? = 0
configure:5074: result: yes
configure:5074: checking for strings.h
configure:5074: gcc -c -g -O2  conftest.c >&5
configure:5074: $? = 0
configure:5074: result: yes
configure:5074: checking for inttypes.h
configure:5074: gcc -c -g -O2  conftest.c >&5
configure:5074: $? = 0
configure:5074: result: yes
configure:5074: checking for stdint.h
configure:5074: gcc -c -g -O2  conftest.c >&5
configure:5074: $? = 0
configure:5074: result: yes
configure:5074: checking for unistd.h
configure:5074: gcc -c -g -O2  conftest.c >&5
configure:5074: $? = 0
configure:5074: result: yes
configure:5087: checking minix/config.h usability
configure:5087: gcc -c -g -O2  conftest.c >&5
conftest.c:54:26: fatal error: minix/config.h: No such file or directory
compilation terminated.
configure:5087: $? = 1
configure: failed program was:
| /* confdefs.h */
| #define PACKAGE_NAME "openvswitch"
| #define PACKAGE_TARNAME "openvswitch"
| #define PACKAGE_VERSION "2.6.2"
| #define PACKAGE_STRING "openvswitch 2.6.2"
| #define PACKAGE_BUGREPORT "bugs@openvswitch.org"
| #define PACKAGE_URL ""
| #define PACKAGE "openvswitch"
| #define VERSION "2.6.2"
| #define STDC_HEADERS 1
| #define HAVE_SYS_TYPES_H 1
| #define HAVE_SYS_STAT_H 1
| #define HAVE_STDLIB_H 1
| #define HAVE_STRING_H 1
| #define HAVE_MEMORY_H 1
| #define HAVE_STRINGS_H 1
| #define HAVE_INTTYPES_H 1
| #define HAVE_STDINT_H 1
| #define HAVE_UNISTD_H 1
| /* end confdefs.h.  */
| #include <stdio.h>
| #ifdef HAVE_SYS_TYPES_H
| # include <sys/types.h>
| #endif
| #ifdef HAVE_SYS_STAT_H
| # include <sys/stat.h>
| #endif
| #ifdef STDC_HEADERS
| # include <stdlib.h>
| # include <stddef.h>
| #else
| # ifdef HAVE_STDLIB_H
| #  include <stdlib.h>
| # endif
| #endif
| #ifdef HAVE_STRING_H
| # if !defined STDC_HEADERS && defined HAVE_MEMORY_H
| #  include <memory.h>
| # endif
| # include <string.h>
| #endif
| #ifdef HAVE_STRINGS_H
| # include <strings.h>
| #endif
| #ifdef HAVE_INTTYPES_H
| # include <inttypes.h>
| #endif
| #ifdef HAVE_STDINT_H
| # include <stdint.h>
| #endif
| #ifdef HAVE_UNISTD_H
| # include <unistd.h>
| #endif
| #include <minix/config.h>
configure:5087: result: no
configure:5087: checking minix/config.h presence
configure:5087: gcc -E  conftest.c
conftest.c:21:26: fatal error: minix/config.h: No such file or directory
compilation terminated.
configure:5087: $? = 1
configure: failed program was:
| /* confdefs.h */
| #define PACKAGE_NAME "openvswitch"
| #define PACKAGE_TARNAME "openvswitch"
| #define PACKAGE_VERSION "2.6.2"
| #define PACKAGE_STRING "openvswitch 2.6.2"
| #define PACKAGE_BUGREPORT "bugs@openvswitch.org"
| #define PACKAGE_URL ""
| #define PACKAGE "openvswitch"
| #define VERSION "2.6.2"
| #define STDC_HEADERS 1
| #define HAVE_SYS_TYPES_H 1
| #define HAVE_SYS_STAT_H 1
| #define HAVE_STDLIB_H 1
| #define HAVE_STRING_H 1
| #define HAVE_MEMORY_H 1
| #define HAVE_STRINGS_H 1
| #define HAVE_INTTYPES_H 1
| #define HAVE_STDINT_H 1
| #define HAVE_UNISTD_H 1
| /* end confdefs.h.  */
| #include <minix/config.h>
configure:5087: result: no
configure:5087: checking for minix/config.h
configure:5087: result: no
configure:5108: checking whether it is safe to define __EXTENSIONS__
configure:5126: gcc -c -g -O2  conftest.c >&5
configure:5126: $? = 0
configure:5133: result: yes
configure:5147: checking whether byte ordering is bigendian
configure:5162: gcc -c -g -O2  conftest.c >&5
conftest.c:27:9: error: unknown type name 'not'
         not a universal capable compiler
         ^
conftest.c:27:15: error: expected '=', ',', ';', 'asm' or '__attribute__' before 'universal'
         not a universal capable compiler
               ^
conftest.c:27:15: error: unknown type name 'universal'
configure:5162: $? = 1
configure: failed program was:
| /* confdefs.h */
| #define PACKAGE_NAME "openvswitch"
| #define PACKAGE_TARNAME "openvswitch"
| #define PACKAGE_VERSION "2.6.2"
| #define PACKAGE_STRING "openvswitch 2.6.2"
| #define PACKAGE_BUGREPORT "bugs@openvswitch.org"
| #define PACKAGE_URL ""
| #define PACKAGE "openvswitch"
| #define VERSION "2.6.2"
| #define STDC_HEADERS 1
| #define HAVE_SYS_TYPES_H 1
| #define HAVE_SYS_STAT_H 1
| #define HAVE_STDLIB_H 1
| #define HAVE_STRING_H 1
| #define HAVE_MEMORY_H 1
| #define HAVE_STRINGS_H 1
| #define HAVE_INTTYPES_H 1
| #define HAVE_STDINT_H 1
| #define HAVE_UNISTD_H 1
| #define __EXTENSIONS__ 1
| #define _ALL_SOURCE 1
| #define _GNU_SOURCE 1
| #define _POSIX_PTHREAD_SEMANTICS 1
| #define _TANDEM_SOURCE 1
| /* end confdefs.h.  */
| #ifndef __APPLE_CC__
| 	       not a universal capable compiler
| 	     #endif
| 	     typedef int dummy;
| 
configure:5207: gcc -c -g -O2  conftest.c >&5
configure:5207: $? = 0
configure:5225: gcc -c -g -O2  conftest.c >&5
conftest.c: In function 'main':
conftest.c:33:4: error: unknown type name 'not'
    not big endian
    ^
conftest.c:33:12: error: expected '=', ',', ';', 'asm' or '__attribute__' before 'endian'
    not big endian
            ^
configure:5225: $? = 1
configure: failed program was:
| /* confdefs.h */
| #define PACKAGE_NAME "openvswitch"
| #define PACKAGE_TARNAME "openvswitch"
| #define PACKAGE_VERSION "2.6.2"
| #define PACKAGE_STRING "openvswitch 2.6.2"
| #define PACKAGE_BUGREPORT "bugs@openvswitch.org"
| #define PACKAGE_URL ""
| #define PACKAGE "openvswitch"
| #define VERSION "2.6.2"
| #define STDC_HEADERS 1
| #define HAVE_SYS_TYPES_H 1
| #define HAVE_SYS_STAT_H 1
| #define HAVE_STDLIB_H 1
| #define HAVE_STRING_H 1
| #define HAVE_MEMORY_H 1
| #define HAVE_STRINGS_H 1
| #define HAVE_INTTYPES_H 1
| #define HAVE_STDINT_H 1
| #define HAVE_UNISTD_H 1
| #define __EXTENSIONS__ 1
| #define _ALL_SOURCE 1
| #define _GNU_SOURCE 1
| #define _POSIX_PTHREAD_SEMANTICS 1
| #define _TANDEM_SOURCE 1
| /* end confdefs.h.  */
| #include <sys/types.h>
| 		#include <sys/param.h>
| 
| int
| main ()
| {
| #if BYTE_ORDER != BIG_ENDIAN
| 		 not big endian
| 		#endif
| 
|   ;
|   return 0;
| }
configure:5353: result: no
configure:5378: checking for special C compiler options needed for large files
configure:5423: result: no
configure:5429: checking for _FILE_OFFSET_BITS value needed for large files
configure:5454: gcc -c -g -O2  conftest.c >&5
configure:5454: $? = 0
configure:5486: result: no
configure:5601: checking build system type
configure:5615: result: x86_64-pc-linux-gnu
configure:5635: checking host system type
configure:5648: result: x86_64-pc-linux-gnu
configure:5689: checking how to print strings
configure:5716: result: printf
configure:5737: checking for a sed that does not truncate output
configure:5801: result: /bin/sed
configure:5849: checking for ld used by gcc
configure:5916: result: /usr/bin/ld
configure:5923: checking if the linker (/usr/bin/ld) is GNU ld
configure:5938: result: yes
configure:5950: checking for BSD- or MS-compatible name lister (nm)
configure:6004: result: /usr/bin/nm -B
configure:6134: checking the name lister (/usr/bin/nm -B) interface
configure:6141: gcc -c -g -O2  conftest.c >&5
configure:6144: /usr/bin/nm -B "conftest.o"
configure:6147: output
0000000000000000 B some_variable
configure:6154: result: BSD nm
configure:6157: checking whether ln -s works
configure:6161: result: yes
configure:6169: checking the maximum length of command line arguments
configure:6300: result: 1572864
configure:6348: checking how to convert x86_64-pc-linux-gnu file names to x86_64-pc-linux-gnu format
configure:6388: result: func_convert_file_noop
configure:6395: checking how to convert x86_64-pc-linux-gnu file names to toolchain format
configure:6415: result: func_convert_file_noop
configure:6422: checking for /usr/bin/ld option to reload object files
configure:6429: result: -r
configure:6503: checking for objdump
configure:6519: found /usr/bin/objdump
configure:6530: result: objdump
configure:6562: checking how to recognize dependent libraries
configure:6762: result: pass_all
configure:6847: checking for dlltool
configure:6877: result: no
configure:6907: checking how to associate runtime and link libraries
configure:6934: result: printf %s\n
configure:6994: checking for ar
configure:7010: found /usr/bin/ar
configure:7021: result: ar
configure:7058: checking for archiver @FILE support
configure:7075: gcc -c -g -O2  conftest.c >&5
configure:7075: $? = 0
configure:7078: ar cru libconftest.a @conftest.lst >&5
ar: `u' modifier ignored since `D' is the default (see `U')
configure:7081: $? = 0
configure:7086: ar cru libconftest.a @conftest.lst >&5
ar: `u' modifier ignored since `D' is the default (see `U')
ar: conftest.o: No such file or directory
configure:7089: $? = 1
configure:7101: result: @
configure:7159: checking for strip
configure:7175: found /usr/bin/strip
configure:7186: result: strip
configure:7258: checking for ranlib
configure:7274: found /usr/bin/ranlib
configure:7285: result: ranlib
configure:7387: checking command to parse /usr/bin/nm -B output from gcc object
configure:7540: gcc -c -g -O2  conftest.c >&5
configure:7543: $? = 0
configure:7547: /usr/bin/nm -B conftest.o \| sed -n -e 's/^.*[ ]\([ABCDGIRSTW][ABCDGIRSTW]*\)[ ][ ]*\([_A-Za-z][_A-Za-z0-9]*\)$/\1 \2 \2/p' | sed '/ __gnu_lto/d' \> conftest.nm
configure:7550: $? = 0
configure:7616: gcc -o conftest -g -O2   conftest.c conftstm.o >&5
configure:7619: $? = 0
configure:7657: result: ok
configure:7704: checking for sysroot
configure:7734: result: no
configure:7741: checking for a working dd
configure:7779: result: /bin/dd
configure:7783: checking how to truncate binary pipes
configure:7798: result: /bin/dd bs=4096 count=1
configure:7934: gcc -c -g -O2  conftest.c >&5
configure:7937: $? = 0
configure:8127: checking for mt
configure:8143: found /bin/mt
configure:8154: result: mt
configure:8177: checking if mt is a manifest tool
configure:8183: mt '-?'
configure:8191: result: no
configure:8865: checking for dlfcn.h
configure:8865: gcc -c -g -O2  conftest.c >&5
configure:8865: $? = 0
configure:8865: result: yes
configure:9120: checking for objdir
configure:9135: result: .libs
configure:9399: checking if gcc supports -fno-rtti -fno-exceptions
configure:9417: gcc -c -g -O2  -fno-rtti -fno-exceptions conftest.c >&5
cc1: warning: command line option '-fno-rtti' is valid for C++/ObjC++ but not for C
configure:9421: $? = 0
configure:9434: result: no
configure:9792: checking for gcc option to produce PIC
configure:9799: result: -fPIC -DPIC
configure:9807: checking if gcc PIC flag -fPIC -DPIC works
configure:9825: gcc -c -g -O2  -fPIC -DPIC -DPIC conftest.c >&5
configure:9829: $? = 0
configure:9842: result: yes
configure:9871: checking if gcc static flag -static works
configure:9899: result: yes
configure:9914: checking if gcc supports -c -o file.o
configure:9935: gcc -c -g -O2  -o out/conftest2.o conftest.c >&5
configure:9939: $? = 0
configure:9961: result: yes
configure:9969: checking if gcc supports -c -o file.o
configure:10016: result: yes
configure:10049: checking whether the gcc linker (/usr/bin/ld -m elf_x86_64) supports shared libraries
configure:11312: result: yes
configure:11552: checking dynamic linker characteristics
configure:12133: gcc -o conftest -g -O2   -Wl,-rpath -Wl,/foo conftest.c  >&5
configure:12133: $? = 0
configure:12382: result: GNU/Linux ld.so
configure:12504: checking how to hardcode library paths into programs
configure:12529: result: immediate
configure:13077: checking whether stripping libraries is possible
configure:13082: result: yes
configure:13117: checking if libtool supports shared libraries
configure:13119: result: yes
configure:13122: checking whether to build shared libraries
configure:13147: result: no
configure:13150: checking whether to build static libraries
configure:13154: result: yes
configure:13227: checking for library containing pow
configure:13258: gcc -o conftest -g -O2   conftest.c  >&5
conftest.c:35:6: warning: conflicting types for built-in function 'pow'
 char pow ();
      ^
/tmp/ccGNByJy.o: In function `main':
/root/ovs/conftest.c:39: undefined reference to `pow'
collect2: error: ld returned 1 exit status
configure:13258: $? = 1
configure: failed program was:
| /* confdefs.h */
| #define PACKAGE_NAME "openvswitch"
| #define PACKAGE_TARNAME "openvswitch"
| #define PACKAGE_VERSION "2.6.2"
| #define PACKAGE_STRING "openvswitch 2.6.2"
| #define PACKAGE_BUGREPORT "bugs@openvswitch.org"
| #define PACKAGE_URL ""
| #define PACKAGE "openvswitch"
| #define VERSION "2.6.2"
| #define STDC_HEADERS 1
| #define HAVE_SYS_TYPES_H 1
| #define HAVE_SYS_STAT_H 1
| #define HAVE_STDLIB_H 1
| #define HAVE_STRING_H 1
| #define HAVE_MEMORY_H 1
| #define HAVE_STRINGS_H 1
| #define HAVE_INTTYPES_H 1
| #define HAVE_STDINT_H 1
| #define HAVE_UNISTD_H 1
| #define __EXTENSIONS__ 1
| #define _ALL_SOURCE 1
| #define _GNU_SOURCE 1
| #define _POSIX_PTHREAD_SEMANTICS 1
| #define _TANDEM_SOURCE 1
| #define HAVE_DLFCN_H 1
| #define LT_OBJDIR ".libs/"
| /* end confdefs.h.  */
| 
| /* Override any GCC internal prototype to avoid an error.
|    Use char because int might match the return type of a GCC
|    builtin and then its argument prototype would still apply.  */
| #ifdef __cplusplus
| extern "C"
| #endif
| char pow ();
| int
| main ()
| {
| return pow ();
|   ;
|   return 0;
| }
configure:13258: gcc -o conftest -g -O2   conftest.c -lm   >&5
conftest.c:35:6: warning: conflicting types for built-in function 'pow'
 char pow ();
      ^
configure:13258: $? = 0
configure:13275: result: -lm
configure:13283: checking for library containing clock_gettime
configure:13314: gcc -o conftest -g -O2   conftest.c -lm  >&5
configure:13314: $? = 0
configure:13331: result: none required
configure:13339: checking for library containing timer_create
configure:13370: gcc -o conftest -g -O2   conftest.c -lm  >&5
/tmp/ccHyYEUG.o: In function `main':
/root/ovs/conftest.c:39: undefined reference to `timer_create'
collect2: error: ld returned 1 exit status
configure:13370: $? = 1
configure: failed program was:
| /* confdefs.h */
| #define PACKAGE_NAME "openvswitch"
| #define PACKAGE_TARNAME "openvswitch"
| #define PACKAGE_VERSION "2.6.2"
| #define PACKAGE_STRING "openvswitch 2.6.2"
| #define PACKAGE_BUGREPORT "bugs@openvswitch.org"
| #define PACKAGE_URL ""
| #define PACKAGE "openvswitch"
| #define VERSION "2.6.2"
| #define STDC_HEADERS 1
| #define HAVE_SYS_TYPES_H 1
| #define HAVE_SYS_STAT_H 1
| #define HAVE_STDLIB_H 1
| #define HAVE_STRING_H 1
| #define HAVE_MEMORY_H 1
| #define HAVE_STRINGS_H 1
| #define HAVE_INTTYPES_H 1
| #define HAVE_STDINT_H 1
| #define HAVE_UNISTD_H 1
| #define __EXTENSIONS__ 1
| #define _ALL_SOURCE 1
| #define _GNU_SOURCE 1
| #define _POSIX_PTHREAD_SEMANTICS 1
| #define _TANDEM_SOURCE 1
| #define HAVE_DLFCN_H 1
| #define LT_OBJDIR ".libs/"
| /* end confdefs.h.  */
| 
| /* Override any GCC internal prototype to avoid an error.
|    Use char because int might match the return type of a GCC
|    builtin and then its argument prototype would still apply.  */
| #ifdef __cplusplus
| extern "C"
| #endif
| char timer_create ();
| int
| main ()
| {
| return timer_create ();
|   ;
|   return 0;
| }
configure:13370: gcc -o conftest -g -O2   conftest.c -lrt  -lm  >&5
configure:13370: $? = 0
configure:13387: result: -lrt
configure:13395: checking for library containing pthread_create
configure:13426: gcc -o conftest -g -O2   conftest.c -lrt -lm  >&5
/tmp/ccmx5zWL.o: In function `main':
/root/ovs/conftest.c:39: undefined reference to `pthread_create'
collect2: error: ld returned 1 exit status
configure:13426: $? = 1
configure: failed program was:
| /* confdefs.h */
| #define PACKAGE_NAME "openvswitch"
| #define PACKAGE_TARNAME "openvswitch"
| #define PACKAGE_VERSION "2.6.2"
| #define PACKAGE_STRING "openvswitch 2.6.2"
| #define PACKAGE_BUGREPORT "bugs@openvswitch.org"
| #define PACKAGE_URL ""
| #define PACKAGE "openvswitch"
| #define VERSION "2.6.2"
| #define STDC_HEADERS 1
| #define HAVE_SYS_TYPES_H 1
| #define HAVE_SYS_STAT_H 1
| #define HAVE_STDLIB_H 1
| #define HAVE_STRING_H 1
| #define HAVE_MEMORY_H 1
| #define HAVE_STRINGS_H 1
| #define HAVE_INTTYPES_H 1
| #define HAVE_STDINT_H 1
| #define HAVE_UNISTD_H 1
| #define __EXTENSIONS__ 1
| #define _ALL_SOURCE 1
| #define _GNU_SOURCE 1
| #define _POSIX_PTHREAD_SEMANTICS 1
| #define _TANDEM_SOURCE 1
| #define HAVE_DLFCN_H 1
| #define LT_OBJDIR ".libs/"
| /* end confdefs.h.  */
| 
| /* Override any GCC internal prototype to avoid an error.
|    Use char because int might match the return type of a GCC
|    builtin and then its argument prototype would still apply.  */
| #ifdef __cplusplus
| extern "C"
| #endif
| char pthread_create ();
| int
| main ()
| {
| return pthread_create ();
|   ;
|   return 0;
| }
configure:13426: gcc -o conftest -g -O2   conftest.c -lpthread  -lrt -lm  >&5
configure:13426: $? = 0
configure:13443: result: -lpthread
configure:13451: checking whether strerror_r is declared
configure:13451: gcc -c -g -O2  conftest.c >&5
configure:13451: $? = 0
configure:13451: result: yes
configure:13464: checking for strerror_r
configure:13464: gcc -o conftest -g -O2   conftest.c -lpthread -lrt -lm  >&5
configure:13464: $? = 0
configure:13464: result: yes
configure:13473: checking whether strerror_r returns char *
configure:13497: gcc -c -g -O2  conftest.c >&5
configure:13497: $? = 0
configure:13535: result: yes
configure:13544: checking vmware.h usability
configure:13544: gcc -c -g -O2  conftest.c >&5
conftest.c:64:20: fatal error: vmware.h: No such file or directory
compilation terminated.
configure:13544: $? = 1
configure: failed program was:
| /* confdefs.h */
| #define PACKAGE_NAME "openvswitch"
| #define PACKAGE_TARNAME "openvswitch"
| #define PACKAGE_VERSION "2.6.2"
| #define PACKAGE_STRING "openvswitch 2.6.2"
| #define PACKAGE_BUGREPORT "bugs@openvswitch.org"
| #define PACKAGE_URL ""
| #define PACKAGE "openvswitch"
| #define VERSION "2.6.2"
| #define STDC_HEADERS 1
| #define HAVE_SYS_TYPES_H 1
| #define HAVE_SYS_STAT_H 1
| #define HAVE_STDLIB_H 1
| #define HAVE_STRING_H 1
| #define HAVE_MEMORY_H 1
| #define HAVE_STRINGS_H 1
| #define HAVE_INTTYPES_H 1
| #define HAVE_STDINT_H 1
| #define HAVE_UNISTD_H 1
| #define __EXTENSIONS__ 1
| #define _ALL_SOURCE 1
| #define _GNU_SOURCE 1
| #define _POSIX_PTHREAD_SEMANTICS 1
| #define _TANDEM_SOURCE 1
| #define HAVE_DLFCN_H 1
| #define LT_OBJDIR ".libs/"
| #define HAVE_DECL_STRERROR_R 1
| #define HAVE_STRERROR_R 1
| #define STRERROR_R_CHAR_P 1
| /* end confdefs.h.  */
| #include <stdio.h>
| #ifdef HAVE_SYS_TYPES_H
| # include <sys/types.h>
| #endif
| #ifdef HAVE_SYS_STAT_H
| # include <sys/stat.h>
| #endif
| #ifdef STDC_HEADERS
| # include <stdlib.h>
| # include <stddef.h>
| #else
| # ifdef HAVE_STDLIB_H
| #  include <stdlib.h>
| # endif
| #endif
| #ifdef HAVE_STRING_H
| # if !defined STDC_HEADERS && defined HAVE_MEMORY_H
| #  include <memory.h>
| # endif
| # include <string.h>
| #endif
| #ifdef HAVE_STRINGS_H
| # include <strings.h>
| #endif
| #ifdef HAVE_INTTYPES_H
| # include <inttypes.h>
| #endif
| #ifdef HAVE_STDINT_H
| # include <stdint.h>
| #endif
| #ifdef HAVE_UNISTD_H
| # include <unistd.h>
| #endif
| #include <vmware.h>
configure:13544: result: no
configure:13544: checking vmware.h presence
configure:13544: gcc -E  conftest.c
conftest.c:31:20: fatal error: vmware.h: No such file or directory
compilation terminated.
configure:13544: $? = 1
configure: failed program was:
| /* confdefs.h */
| #define PACKAGE_NAME "openvswitch"
| #define PACKAGE_TARNAME "openvswitch"
| #define PACKAGE_VERSION "2.6.2"
| #define PACKAGE_STRING "openvswitch 2.6.2"
| #define PACKAGE_BUGREPORT "bugs@openvswitch.org"
| #define PACKAGE_URL ""
| #define PACKAGE "openvswitch"
| #define VERSION "2.6.2"
| #define STDC_HEADERS 1
| #define HAVE_SYS_TYPES_H 1
| #define HAVE_SYS_STAT_H 1
| #define HAVE_STDLIB_H 1
| #define HAVE_STRING_H 1
| #define HAVE_MEMORY_H 1
| #define HAVE_STRINGS_H 1
| #define HAVE_INTTYPES_H 1
| #define HAVE_STDINT_H 1
| #define HAVE_UNISTD_H 1
| #define __EXTENSIONS__ 1
| #define _ALL_SOURCE 1
| #define _GNU_SOURCE 1
| #define _POSIX_PTHREAD_SEMANTICS 1
| #define _TANDEM_SOURCE 1
| #define HAVE_DLFCN_H 1
| #define LT_OBJDIR ".libs/"
| #define HAVE_DECL_STRERROR_R 1
| #define HAVE_STRERROR_R 1
| #define STRERROR_R_CHAR_P 1
| /* end confdefs.h.  */
| #include <vmware.h>
configure:13544: result: no
configure:13544: checking for vmware.h
configure:13544: result: no
configure:13565: checking for MSVC x64 compiler
configure:13578: result: no
configure:13582: checking windows.h usability
configure:13582: gcc -c -g -O2  conftest.c >&5
conftest.c:64:21: fatal error: windows.h: No such file or directory
compilation terminated.
configure:13582: $? = 1
configure: failed program was:
| /* confdefs.h */
| #define PACKAGE_NAME "openvswitch"
| #define PACKAGE_TARNAME "openvswitch"
| #define PACKAGE_VERSION "2.6.2"
| #define PACKAGE_STRING "openvswitch 2.6.2"
| #define PACKAGE_BUGREPORT "bugs@openvswitch.org"
| #define PACKAGE_URL ""
| #define PACKAGE "openvswitch"
| #define VERSION "2.6.2"
| #define STDC_HEADERS 1
| #define HAVE_SYS_TYPES_H 1
| #define HAVE_SYS_STAT_H 1
| #define HAVE_STDLIB_H 1
| #define HAVE_STRING_H 1
| #define HAVE_MEMORY_H 1
| #define HAVE_STRINGS_H 1
| #define HAVE_INTTYPES_H 1
| #define HAVE_STDINT_H 1
| #define HAVE_UNISTD_H 1
| #define __EXTENSIONS__ 1
| #define _ALL_SOURCE 1
| #define _GNU_SOURCE 1
| #define _POSIX_PTHREAD_SEMANTICS 1
| #define _TANDEM_SOURCE 1
| #define HAVE_DLFCN_H 1
| #define LT_OBJDIR ".libs/"
| #define HAVE_DECL_STRERROR_R 1
| #define HAVE_STRERROR_R 1
| #define STRERROR_R_CHAR_P 1
| /* end confdefs.h.  */
| #include <stdio.h>
| #ifdef HAVE_SYS_TYPES_H
| # include <sys/types.h>
| #endif
| #ifdef HAVE_SYS_STAT_H
| # include <sys/stat.h>
| #endif
| #ifdef STDC_HEADERS
| # include <stdlib.h>
| # include <stddef.h>
| #else
| # ifdef HAVE_STDLIB_H
| #  include <stdlib.h>
| # endif
| #endif
| #ifdef HAVE_STRING_H
| # if !defined STDC_HEADERS && defined HAVE_MEMORY_H
| #  include <memory.h>
| # endif
| # include <string.h>
| #endif
| #ifdef HAVE_STRINGS_H
| # include <strings.h>
| #endif
| #ifdef HAVE_INTTYPES_H
| # include <inttypes.h>
| #endif
| #ifdef HAVE_STDINT_H
| # include <stdint.h>
| #endif
| #ifdef HAVE_UNISTD_H
| # include <unistd.h>
| #endif
| #include <windows.h>
configure:13582: result: no
configure:13582: checking windows.h presence
configure:13582: gcc -E  conftest.c
conftest.c:31:21: fatal error: windows.h: No such file or directory
compilation terminated.
configure:13582: $? = 1
configure: failed program was:
| /* confdefs.h */
| #define PACKAGE_NAME "openvswitch"
| #define PACKAGE_TARNAME "openvswitch"
| #define PACKAGE_VERSION "2.6.2"
| #define PACKAGE_STRING "openvswitch 2.6.2"
| #define PACKAGE_BUGREPORT "bugs@openvswitch.org"
| #define PACKAGE_URL ""
| #define PACKAGE "openvswitch"
| #define VERSION "2.6.2"
| #define STDC_HEADERS 1
| #define HAVE_SYS_TYPES_H 1
| #define HAVE_SYS_STAT_H 1
| #define HAVE_STDLIB_H 1
| #define HAVE_STRING_H 1
| #define HAVE_MEMORY_H 1
| #define HAVE_STRINGS_H 1
| #define HAVE_INTTYPES_H 1
| #define HAVE_STDINT_H 1
| #define HAVE_UNISTD_H 1
| #define __EXTENSIONS__ 1
| #define _ALL_SOURCE 1
| #define _GNU_SOURCE 1
| #define _POSIX_PTHREAD_SEMANTICS 1
| #define _TANDEM_SOURCE 1
| #define HAVE_DLFCN_H 1
| #define LT_OBJDIR ".libs/"
| #define HAVE_DECL_STRERROR_R 1
| #define HAVE_STRERROR_R 1
| #define STRERROR_R_CHAR_P 1
| /* end confdefs.h.  */
| #include <windows.h>
configure:13582: result: no
configure:13582: checking for windows.h
configure:13582: result: no
configure:13742: checking for linux/netlink.h
configure:13742: gcc -c -g -O2  conftest.c >&5
configure:13742: $? = 0
configure:13742: result: yes
configure:13798: checking for pkg-config
configure:13816: found /usr/bin/pkg-config
configure:13828: result: /usr/bin/pkg-config
configure:13861: checking for openssl/ssl.h in /usr/local/ssl
configure:13876: result: no
configure:13861: checking for openssl/ssl.h in /usr/lib/ssl
configure:13876: result: no
configure:13861: checking for openssl/ssl.h in /usr/ssl
configure:13876: result: no
configure:13861: checking for openssl/ssl.h in /usr/pkg
configure:13876: result: no
configure:13861: checking for openssl/ssl.h in /usr/local
configure:13876: result: no
configure:13861: checking for openssl/ssl.h in /usr
configure:13876: result: no
configure:13888: checking whether compiling and linking against OpenSSL works
Trying link with SSL_LDFLAGS=; SSL_LIBS=; SSL_INCLUDES=
configure:13910: gcc -o conftest -g -O2     conftest.c  -lpthread -lrt -lm  >&5
conftest.c:33:25: fatal error: openssl/ssl.h: No such file or directory
compilation terminated.
configure:13910: $? = 1
configure: failed program was:
| /* confdefs.h */
| #define PACKAGE_NAME "openvswitch"
| #define PACKAGE_TARNAME "openvswitch"
| #define PACKAGE_VERSION "2.6.2"
| #define PACKAGE_STRING "openvswitch 2.6.2"
| #define PACKAGE_BUGREPORT "bugs@openvswitch.org"
| #define PACKAGE_URL ""
| #define PACKAGE "openvswitch"
| #define VERSION "2.6.2"
| #define STDC_HEADERS 1
| #define HAVE_SYS_TYPES_H 1
| #define HAVE_SYS_STAT_H 1
| #define HAVE_STDLIB_H 1
| #define HAVE_STRING_H 1
| #define HAVE_MEMORY_H 1
| #define HAVE_STRINGS_H 1
| #define HAVE_INTTYPES_H 1
| #define HAVE_STDINT_H 1
| #define HAVE_UNISTD_H 1
| #define __EXTENSIONS__ 1
| #define _ALL_SOURCE 1
| #define _GNU_SOURCE 1
| #define _POSIX_PTHREAD_SEMANTICS 1
| #define _TANDEM_SOURCE 1
| #define HAVE_DLFCN_H 1
| #define LT_OBJDIR ".libs/"
| #define HAVE_DECL_STRERROR_R 1
| #define HAVE_STRERROR_R 1
| #define STRERROR_R_CHAR_P 1
| #define VSTUDIO_DDK 1
| #define HAVE_NETLINK 1
| /* end confdefs.h.  */
| #include <openssl/ssl.h>
| int
| main ()
| {
| SSL_CTX *ctx=NULL;SSL_new(ctx)
|   ;
|   return 0;
| }
configure:13918: result: no
configure:13927: WARNING: Cannot find openssl:



OpenFlow connections over SSL will not be supported.
(You may use --disable-ssl to suppress this warning.)
configure:13979: checking for capng_clear in -lcap-ng
configure:14004: gcc -o conftest -g -O2   conftest.c -lcap-ng  -lpthread -lrt -lm  >&5
/usr/bin/ld: cannot find -lcap-ng
collect2: error: ld returned 1 exit status
configure:14004: $? = 1
configure: failed program was:
| /* confdefs.h */
| #define PACKAGE_NAME "openvswitch"
| #define PACKAGE_TARNAME "openvswitch"
| #define PACKAGE_VERSION "2.6.2"
| #define PACKAGE_STRING "openvswitch 2.6.2"
| #define PACKAGE_BUGREPORT "bugs@openvswitch.org"
| #define PACKAGE_URL ""
| #define PACKAGE "openvswitch"
| #define VERSION "2.6.2"
| #define STDC_HEADERS 1
| #define HAVE_SYS_TYPES_H 1
| #define HAVE_SYS_STAT_H 1
| #define HAVE_STDLIB_H 1
| #define HAVE_STRING_H 1
| #define HAVE_MEMORY_H 1
| #define HAVE_STRINGS_H 1
| #define HAVE_INTTYPES_H 1
| #define HAVE_STDINT_H 1
| #define HAVE_UNISTD_H 1
| #define __EXTENSIONS__ 1
| #define _ALL_SOURCE 1
| #define _GNU_SOURCE 1
| #define _POSIX_PTHREAD_SEMANTICS 1
| #define _TANDEM_SOURCE 1
| #define HAVE_DLFCN_H 1
| #define LT_OBJDIR ".libs/"
| #define HAVE_DECL_STRERROR_R 1
| #define HAVE_STRERROR_R 1
| #define STRERROR_R_CHAR_P 1
| #define VSTUDIO_DDK 1
| #define HAVE_NETLINK 1
| /* end confdefs.h.  */
| 
| /* Override any GCC internal prototype to avoid an error.
|    Use char because int might match the return type of a GCC
|    builtin and then its argument prototype would still apply.  */
| #ifdef __cplusplus
| extern "C"
| #endif
| char capng_clear ();
| int
| main ()
| {
| return capng_clear ();
|   ;
|   return 0;
| }
configure:14013: result: no
configure:14027: WARNING: cannot find libcap-ng.
--user option will not be supported on Linux.
(you may use --disable-libcapng to suppress this warning). 
configure:14060: checking for Python 2.x for x >= 7
configure:14093: result: /usr/bin/python
configure:14113: checking for Python 3.x for x >= 4
configure:14146: result: /usr/bin/python3
configure:14166: checking for flake8
configure:14177: result: no
configure:14187: checking for dot
configure:14198: result: no
configure:14208: checking net/if_packet.h usability
configure:14208: gcc -c -g -O2  conftest.c >&5
configure:14208: $? = 0
configure:14208: result: yes
configure:14208: checking net/if_packet.h presence
configure:14208: gcc -E  conftest.c
configure:14208: $? = 0
configure:14208: result: yes
configure:14208: checking for net/if_packet.h
configure:14208: result: yes
configure:14229: checking net/if_dl.h usability
configure:14229: gcc -c -g -O2  conftest.c >&5
conftest.c:67:23: fatal error: net/if_dl.h: No such file or directory
compilation terminated.
configure:14229: $? = 1
configure: failed program was:
| /* confdefs.h */
| #define PACKAGE_NAME "openvswitch"
| #define PACKAGE_TARNAME "openvswitch"
| #define PACKAGE_VERSION "2.6.2"
| #define PACKAGE_STRING "openvswitch 2.6.2"
| #define PACKAGE_BUGREPORT "bugs@openvswitch.org"
| #define PACKAGE_URL ""
| #define PACKAGE "openvswitch"
| #define VERSION "2.6.2"
| #define STDC_HEADERS 1
| #define HAVE_SYS_TYPES_H 1
| #define HAVE_SYS_STAT_H 1
| #define HAVE_STDLIB_H 1
| #define HAVE_STRING_H 1
| #define HAVE_MEMORY_H 1
| #define HAVE_STRINGS_H 1
| #define HAVE_INTTYPES_H 1
| #define HAVE_STDINT_H 1
| #define HAVE_UNISTD_H 1
| #define __EXTENSIONS__ 1
| #define _ALL_SOURCE 1
| #define _GNU_SOURCE 1
| #define _POSIX_PTHREAD_SEMANTICS 1
| #define _TANDEM_SOURCE 1
| #define HAVE_DLFCN_H 1
| #define LT_OBJDIR ".libs/"
| #define HAVE_DECL_STRERROR_R 1
| #define HAVE_STRERROR_R 1
| #define STRERROR_R_CHAR_P 1
| #define VSTUDIO_DDK 1
| #define HAVE_NETLINK 1
| #define HAVE_IF_PACKET 1
| /* end confdefs.h.  */
| #include <stdio.h>
| #ifdef HAVE_SYS_TYPES_H
| # include <sys/types.h>
| #endif
| #ifdef HAVE_SYS_STAT_H
| # include <sys/stat.h>
| #endif
| #ifdef STDC_HEADERS
| # include <stdlib.h>
| # include <stddef.h>
| #else
| # ifdef HAVE_STDLIB_H
| #  include <stdlib.h>
| # endif
| #endif
| #ifdef HAVE_STRING_H
| # if !defined STDC_HEADERS && defined HAVE_MEMORY_H
| #  include <memory.h>
| # endif
| # include <string.h>
| #endif
| #ifdef HAVE_STRINGS_H
| # include <strings.h>
| #endif
| #ifdef HAVE_INTTYPES_H
| # include <inttypes.h>
| #endif
| #ifdef HAVE_STDINT_H
| # include <stdint.h>
| #endif
| #ifdef HAVE_UNISTD_H
| # include <unistd.h>
| #endif
| #include <net/if_dl.h>
configure:14229: result: no
configure:14229: checking net/if_dl.h presence
configure:14229: gcc -E  conftest.c
conftest.c:34:23: fatal error: net/if_dl.h: No such file or directory
compilation terminated.
configure:14229: $? = 1
configure: failed program was:
| /* confdefs.h */
| #define PACKAGE_NAME "openvswitch"
| #define PACKAGE_TARNAME "openvswitch"
| #define PACKAGE_VERSION "2.6.2"
| #define PACKAGE_STRING "openvswitch 2.6.2"
| #define PACKAGE_BUGREPORT "bugs@openvswitch.org"
| #define PACKAGE_URL ""
| #define PACKAGE "openvswitch"
| #define VERSION "2.6.2"
| #define STDC_HEADERS 1
| #define HAVE_SYS_TYPES_H 1
| #define HAVE_SYS_STAT_H 1
| #define HAVE_STDLIB_H 1
| #define HAVE_STRING_H 1
| #define HAVE_MEMORY_H 1
| #define HAVE_STRINGS_H 1
| #define HAVE_INTTYPES_H 1
| #define HAVE_STDINT_H 1
| #define HAVE_UNISTD_H 1
| #define __EXTENSIONS__ 1
| #define _ALL_SOURCE 1
| #define _GNU_SOURCE 1
| #define _POSIX_PTHREAD_SEMANTICS 1
| #define _TANDEM_SOURCE 1
| #define HAVE_DLFCN_H 1
| #define LT_OBJDIR ".libs/"
| #define HAVE_DECL_STRERROR_R 1
| #define HAVE_STRERROR_R 1
| #define STRERROR_R_CHAR_P 1
| #define VSTUDIO_DDK 1
| #define HAVE_NETLINK 1
| #define HAVE_IF_PACKET 1
| /* end confdefs.h.  */
| #include <net/if_dl.h>
configure:14229: result: no
configure:14229: checking for net/if_dl.h
configure:14229: result: no
configure:14308: checking whether strtok_r macro segfaults on some inputs
configure:14344: gcc -o conftest -g -O2   conftest.c -lpthread -lrt -lm  >&5
conftest.c: In function 'main':
conftest.c:51:28: warning: ignoring return value of 'freopen', declared with attribute warn_unused_result [-Wunused-result]
                            freopen ("/dev/null", "w", stdout);
                            ^
configure:14344: $? = 0
configure:14344: ./conftest
configure:14344: $? = 0
configure:14354: result: no
configure:14362: checking whether sys_siglist is declared
configure:14362: gcc -c -g -O2  conftest.c >&5
configure:14362: $? = 0
configure:14362: result: yes
configure:14374: checking for struct stat.st_mtim.tv_nsec
configure:14374: gcc -c -g -O2  conftest.c >&5
configure:14374: $? = 0
configure:14374: result: yes
configure:14384: checking for struct stat.st_mtimensec
configure:14384: gcc -c -g -O2  conftest.c >&5
conftest.c: In function 'main':
conftest.c:42:12: error: 'struct stat' has no member named 'st_mtimensec'
 if (ac_aggr.st_mtimensec)
            ^
configure:14384: $? = 1
configure: failed program was:
| /* confdefs.h */
| #define PACKAGE_NAME "openvswitch"
| #define PACKAGE_TARNAME "openvswitch"
| #define PACKAGE_VERSION "2.6.2"
| #define PACKAGE_STRING "openvswitch 2.6.2"
| #define PACKAGE_BUGREPORT "bugs@openvswitch.org"
| #define PACKAGE_URL ""
| #define PACKAGE "openvswitch"
| #define VERSION "2.6.2"
| #define STDC_HEADERS 1
| #define HAVE_SYS_TYPES_H 1
| #define HAVE_SYS_STAT_H 1
| #define HAVE_STDLIB_H 1
| #define HAVE_STRING_H 1
| #define HAVE_MEMORY_H 1
| #define HAVE_STRINGS_H 1
| #define HAVE_INTTYPES_H 1
| #define HAVE_STDINT_H 1
| #define HAVE_UNISTD_H 1
| #define __EXTENSIONS__ 1
| #define _ALL_SOURCE 1
| #define _GNU_SOURCE 1
| #define _POSIX_PTHREAD_SEMANTICS 1
| #define _TANDEM_SOURCE 1
| #define HAVE_DLFCN_H 1
| #define LT_OBJDIR ".libs/"
| #define HAVE_DECL_STRERROR_R 1
| #define HAVE_STRERROR_R 1
| #define STRERROR_R_CHAR_P 1
| #define VSTUDIO_DDK 1
| #define HAVE_NETLINK 1
| #define HAVE_IF_PACKET 1
| #define HAVE_DECL_SYS_SIGLIST 1
| #define HAVE_STRUCT_STAT_ST_MTIM_TV_NSEC 1
| /* end confdefs.h.  */
| #include <sys/stat.h>
| 
| int
| main ()
| {
| static struct stat ac_aggr;
| if (ac_aggr.st_mtimensec)
| return 0;
|   ;
|   return 0;
| }
configure:14384: gcc -c -g -O2  conftest.c >&5
conftest.c: In function 'main':
conftest.c:42:19: error: 'struct stat' has no member named 'st_mtimensec'
 if (sizeof ac_aggr.st_mtimensec)
                   ^
configure:14384: $? = 1
configure: failed program was:
| /* confdefs.h */
| #define PACKAGE_NAME "openvswitch"
| #define PACKAGE_TARNAME "openvswitch"
| #define PACKAGE_VERSION "2.6.2"
| #define PACKAGE_STRING "openvswitch 2.6.2"
| #define PACKAGE_BUGREPORT "bugs@openvswitch.org"
| #define PACKAGE_URL ""
| #define PACKAGE "openvswitch"
| #define VERSION "2.6.2"
| #define STDC_HEADERS 1
| #define HAVE_SYS_TYPES_H 1
| #define HAVE_SYS_STAT_H 1
| #define HAVE_STDLIB_H 1
| #define HAVE_STRING_H 1
| #define HAVE_MEMORY_H 1
| #define HAVE_STRINGS_H 1
| #define HAVE_INTTYPES_H 1
| #define HAVE_STDINT_H 1
| #define HAVE_UNISTD_H 1
| #define __EXTENSIONS__ 1
| #define _ALL_SOURCE 1
| #define _GNU_SOURCE 1
| #define _POSIX_PTHREAD_SEMANTICS 1
| #define _TANDEM_SOURCE 1
| #define HAVE_DLFCN_H 1
| #define LT_OBJDIR ".libs/"
| #define HAVE_DECL_STRERROR_R 1
| #define HAVE_STRERROR_R 1
| #define STRERROR_R_CHAR_P 1
| #define VSTUDIO_DDK 1
| #define HAVE_NETLINK 1
| #define HAVE_IF_PACKET 1
| #define HAVE_DECL_SYS_SIGLIST 1
| #define HAVE_STRUCT_STAT_ST_MTIM_TV_NSEC 1
| /* end confdefs.h.  */
| #include <sys/stat.h>
| 
| int
| main ()
| {
| static struct stat ac_aggr;
| if (sizeof ac_aggr.st_mtimensec)
| return 0;
|   ;
|   return 0;
| }
configure:14384: result: no
configure:14395: checking for struct ifreq.ifr_flagshigh
configure:14395: gcc -c -g -O2  conftest.c >&5
conftest.c: In function 'main':
conftest.c:42:12: error: 'struct ifreq' has no member named 'ifr_flagshigh'
 if (ac_aggr.ifr_flagshigh)
            ^
configure:14395: $? = 1
configure: failed program was:
| /* confdefs.h */
| #define PACKAGE_NAME "openvswitch"
| #define PACKAGE_TARNAME "openvswitch"
| #define PACKAGE_VERSION "2.6.2"
| #define PACKAGE_STRING "openvswitch 2.6.2"
| #define PACKAGE_BUGREPORT "bugs@openvswitch.org"
| #define PACKAGE_URL ""
| #define PACKAGE "openvswitch"
| #define VERSION "2.6.2"
| #define STDC_HEADERS 1
| #define HAVE_SYS_TYPES_H 1
| #define HAVE_SYS_STAT_H 1
| #define HAVE_STDLIB_H 1
| #define HAVE_STRING_H 1
| #define HAVE_MEMORY_H 1
| #define HAVE_STRINGS_H 1
| #define HAVE_INTTYPES_H 1
| #define HAVE_STDINT_H 1
| #define HAVE_UNISTD_H 1
| #define __EXTENSIONS__ 1
| #define _ALL_SOURCE 1
| #define _GNU_SOURCE 1
| #define _POSIX_PTHREAD_SEMANTICS 1
| #define _TANDEM_SOURCE 1
| #define HAVE_DLFCN_H 1
| #define LT_OBJDIR ".libs/"
| #define HAVE_DECL_STRERROR_R 1
| #define HAVE_STRERROR_R 1
| #define STRERROR_R_CHAR_P 1
| #define VSTUDIO_DDK 1
| #define HAVE_NETLINK 1
| #define HAVE_IF_PACKET 1
| #define HAVE_DECL_SYS_SIGLIST 1
| #define HAVE_STRUCT_STAT_ST_MTIM_TV_NSEC 1
| /* end confdefs.h.  */
| #include <net/if.h>
| 
| int
| main ()
| {
| static struct ifreq ac_aggr;
| if (ac_aggr.ifr_flagshigh)
| return 0;
|   ;
|   return 0;
| }
configure:14395: gcc -c -g -O2  conftest.c >&5
conftest.c: In function 'main':
conftest.c:42:19: error: 'struct ifreq' has no member named 'ifr_flagshigh'
 if (sizeof ac_aggr.ifr_flagshigh)
                   ^
configure:14395: $? = 1
configure: failed program was:
| /* confdefs.h */
| #define PACKAGE_NAME "openvswitch"
| #define PACKAGE_TARNAME "openvswitch"
| #define PACKAGE_VERSION "2.6.2"
| #define PACKAGE_STRING "openvswitch 2.6.2"
| #define PACKAGE_BUGREPORT "bugs@openvswitch.org"
| #define PACKAGE_URL ""
| #define PACKAGE "openvswitch"
| #define VERSION "2.6.2"
| #define STDC_HEADERS 1
| #define HAVE_SYS_TYPES_H 1
| #define HAVE_SYS_STAT_H 1
| #define HAVE_STDLIB_H 1
| #define HAVE_STRING_H 1
| #define HAVE_MEMORY_H 1
| #define HAVE_STRINGS_H 1
| #define HAVE_INTTYPES_H 1
| #define HAVE_STDINT_H 1
| #define HAVE_UNISTD_H 1
| #define __EXTENSIONS__ 1
| #define _ALL_SOURCE 1
| #define _GNU_SOURCE 1
| #define _POSIX_PTHREAD_SEMANTICS 1
| #define _TANDEM_SOURCE 1
| #define HAVE_DLFCN_H 1
| #define LT_OBJDIR ".libs/"
| #define HAVE_DECL_STRERROR_R 1
| #define HAVE_STRERROR_R 1
| #define STRERROR_R_CHAR_P 1
| #define VSTUDIO_DDK 1
| #define HAVE_NETLINK 1
| #define HAVE_IF_PACKET 1
| #define HAVE_DECL_SYS_SIGLIST 1
| #define HAVE_STRUCT_STAT_ST_MTIM_TV_NSEC 1
| /* end confdefs.h.  */
| #include <net/if.h>
| 
| int
| main ()
| {
| static struct ifreq ac_aggr;
| if (sizeof ac_aggr.ifr_flagshigh)
| return 0;
|   ;
|   return 0;
| }
configure:14395: result: no
configure:14409: checking for mlockall
configure:14409: gcc -o conftest -g -O2   conftest.c -lpthread -lrt -lm  >&5
configure:14409: $? = 0
configure:14409: result: yes
configure:14409: checking for strnlen
configure:14409: gcc -o conftest -g -O2   conftest.c -lpthread -lrt -lm  >&5
configure:14409: $? = 0
configure:14409: result: yes
configure:14409: checking for getloadavg
configure:14409: gcc -o conftest -g -O2   conftest.c -lpthread -lrt -lm  >&5
configure:14409: $? = 0
configure:14409: result: yes
configure:14409: checking for statvfs
configure:14409: gcc -o conftest -g -O2   conftest.c -lpthread -lrt -lm  >&5
configure:14409: $? = 0
configure:14409: result: yes
configure:14409: checking for getmntent_r
configure:14409: gcc -o conftest -g -O2   conftest.c -lpthread -lrt -lm  >&5
configure:14409: $? = 0
configure:14409: result: yes
configure:14421: checking mntent.h usability
configure:14421: gcc -c -g -O2  conftest.c >&5
configure:14421: $? = 0
configure:14421: result: yes
configure:14421: checking mntent.h presence
configure:14421: gcc -E  conftest.c
configure:14421: $? = 0
configure:14421: result: yes
configure:14421: checking for mntent.h
configure:14421: result: yes
configure:14421: checking sys/statvfs.h usability
configure:14421: gcc -c -g -O2  conftest.c >&5
configure:14421: $? = 0
configure:14421: result: yes
configure:14421: checking sys/statvfs.h presence
configure:14421: gcc -E  conftest.c
configure:14421: $? = 0
configure:14421: result: yes
configure:14421: checking for sys/statvfs.h
configure:14421: result: yes
configure:14421: checking linux/types.h usability
configure:14421: gcc -c -g -O2  conftest.c >&5
configure:14421: $? = 0
configure:14421: result: yes
configure:14421: checking linux/types.h presence
configure:14421: gcc -E  conftest.c
configure:14421: $? = 0
configure:14421: result: yes
configure:14421: checking for linux/types.h
configure:14421: result: yes
configure:14421: checking linux/if_ether.h usability
configure:14421: gcc -c -g -O2  conftest.c >&5
configure:14421: $? = 0
configure:14421: result: yes
configure:14421: checking linux/if_ether.h presence
configure:14421: gcc -E  conftest.c
configure:14421: $? = 0
configure:14421: result: yes
configure:14421: checking for linux/if_ether.h
configure:14421: result: yes
configure:14421: checking stdatomic.h usability
configure:14421: gcc -c -g -O2  conftest.c >&5
configure:14421: $? = 0
configure:14421: result: yes
configure:14421: checking stdatomic.h presence
configure:14421: gcc -E  conftest.c
configure:14421: $? = 0
configure:14421: result: yes
configure:14421: checking for stdatomic.h
configure:14421: result: yes
configure:14433: checking for net/if_mib.h
configure:14433: gcc -c -g -O2  conftest.c >&5
conftest.c:49:24: fatal error: net/if_mib.h: No such file or directory
compilation terminated.
configure:14433: $? = 1
configure: failed program was:
| /* confdefs.h */
| #define PACKAGE_NAME "openvswitch"
| #define PACKAGE_TARNAME "openvswitch"
| #define PACKAGE_VERSION "2.6.2"
| #define PACKAGE_STRING "openvswitch 2.6.2"
| #define PACKAGE_BUGREPORT "bugs@openvswitch.org"
| #define PACKAGE_URL ""
| #define PACKAGE "openvswitch"
| #define VERSION "2.6.2"
| #define STDC_HEADERS 1
| #define HAVE_SYS_TYPES_H 1
| #define HAVE_SYS_STAT_H 1
| #define HAVE_STDLIB_H 1
| #define HAVE_STRING_H 1
| #define HAVE_MEMORY_H 1
| #define HAVE_STRINGS_H 1
| #define HAVE_INTTYPES_H 1
| #define HAVE_STDINT_H 1
| #define HAVE_UNISTD_H 1
| #define __EXTENSIONS__ 1
| #define _ALL_SOURCE 1
| #define _GNU_SOURCE 1
| #define _POSIX_PTHREAD_SEMANTICS 1
| #define _TANDEM_SOURCE 1
| #define HAVE_DLFCN_H 1
| #define LT_OBJDIR ".libs/"
| #define HAVE_DECL_STRERROR_R 1
| #define HAVE_STRERROR_R 1
| #define STRERROR_R_CHAR_P 1
| #define VSTUDIO_DDK 1
| #define HAVE_NETLINK 1
| #define HAVE_IF_PACKET 1
| #define HAVE_DECL_SYS_SIGLIST 1
| #define HAVE_STRUCT_STAT_ST_MTIM_TV_NSEC 1
| #define HAVE_MLOCKALL 1
| #define HAVE_STRNLEN 1
| #define HAVE_GETLOADAVG 1
| #define HAVE_STATVFS 1
| #define HAVE_GETMNTENT_R 1
| #define HAVE_MNTENT_H 1
| #define HAVE_SYS_STATVFS_H 1
| #define HAVE_LINUX_TYPES_H 1
| #define HAVE_LINUX_IF_ETHER_H 1
| #define HAVE_STDATOMIC_H 1
| /* end confdefs.h.  */
| #include <sys/types.h>
| #include <net/if.h>
| 
| #include <net/if_mib.h>
configure:14433: result: no
configure:14473: checking for library containing backtrace
configure:14504: gcc -o conftest -g -O2   conftest.c -lpthread -lrt -lm  >&5
configure:14504: $? = 0
configure:14521: result: none required
configure:14533: checking linux/perf_event.h usability
configure:14533: gcc -c -g -O2  conftest.c >&5
configure:14533: $? = 0
configure:14533: result: yes
configure:14533: checking linux/perf_event.h presence
configure:14533: gcc -E  conftest.c
configure:14533: $? = 0
configure:14533: result: yes
configure:14533: checking for linux/perf_event.h
configure:14533: result: yes
configure:14545: checking valgrind/valgrind.h usability
configure:14545: gcc -c -g -O2  conftest.c >&5
conftest.c:81:31: fatal error: valgrind/valgrind.h: No such file or directory
compilation terminated.
configure:14545: $? = 1
configure: failed program was:
| /* confdefs.h */
| #define PACKAGE_NAME "openvswitch"
| #define PACKAGE_TARNAME "openvswitch"
| #define PACKAGE_VERSION "2.6.2"
| #define PACKAGE_STRING "openvswitch 2.6.2"
| #define PACKAGE_BUGREPORT "bugs@openvswitch.org"
| #define PACKAGE_URL ""
| #define PACKAGE "openvswitch"
| #define VERSION "2.6.2"
| #define STDC_HEADERS 1
| #define HAVE_SYS_TYPES_H 1
| #define HAVE_SYS_STAT_H 1
| #define HAVE_STDLIB_H 1
| #define HAVE_STRING_H 1
| #define HAVE_MEMORY_H 1
| #define HAVE_STRINGS_H 1
| #define HAVE_INTTYPES_H 1
| #define HAVE_STDINT_H 1
| #define HAVE_UNISTD_H 1
| #define __EXTENSIONS__ 1
| #define _ALL_SOURCE 1
| #define _GNU_SOURCE 1
| #define _POSIX_PTHREAD_SEMANTICS 1
| #define _TANDEM_SOURCE 1
| #define HAVE_DLFCN_H 1
| #define LT_OBJDIR ".libs/"
| #define HAVE_DECL_STRERROR_R 1
| #define HAVE_STRERROR_R 1
| #define STRERROR_R_CHAR_P 1
| #define VSTUDIO_DDK 1
| #define HAVE_NETLINK 1
| #define HAVE_IF_PACKET 1
| #define HAVE_DECL_SYS_SIGLIST 1
| #define HAVE_STRUCT_STAT_ST_MTIM_TV_NSEC 1
| #define HAVE_MLOCKALL 1
| #define HAVE_STRNLEN 1
| #define HAVE_GETLOADAVG 1
| #define HAVE_STATVFS 1
| #define HAVE_GETMNTENT_R 1
| #define HAVE_MNTENT_H 1
| #define HAVE_SYS_STATVFS_H 1
| #define HAVE_LINUX_TYPES_H 1
| #define HAVE_LINUX_IF_ETHER_H 1
| #define HAVE_STDATOMIC_H 1
| #define HAVE_BACKTRACE 1
| #define HAVE_LINUX_PERF_EVENT_H 1
| /* end confdefs.h.  */
| #include <stdio.h>
| #ifdef HAVE_SYS_TYPES_H
| # include <sys/types.h>
| #endif
| #ifdef HAVE_SYS_STAT_H
| # include <sys/stat.h>
| #endif
| #ifdef STDC_HEADERS
| # include <stdlib.h>
| # include <stddef.h>
| #else
| # ifdef HAVE_STDLIB_H
| #  include <stdlib.h>
| # endif
| #endif
| #ifdef HAVE_STRING_H
| # if !defined STDC_HEADERS && defined HAVE_MEMORY_H
| #  include <memory.h>
| # endif
| # include <string.h>
| #endif
| #ifdef HAVE_STRINGS_H
| # include <strings.h>
| #endif
| #ifdef HAVE_INTTYPES_H
| # include <inttypes.h>
| #endif
| #ifdef HAVE_STDINT_H
| # include <stdint.h>
| #endif
| #ifdef HAVE_UNISTD_H
| # include <unistd.h>
| #endif
| #include <valgrind/valgrind.h>
configure:14545: result: no
configure:14545: checking valgrind/valgrind.h presence
configure:14545: gcc -E  conftest.c
conftest.c:48:31: fatal error: valgrind/valgrind.h: No such file or directory
compilation terminated.
configure:14545: $? = 1
configure: failed program was:
| /* confdefs.h */
| #define PACKAGE_NAME "openvswitch"
| #define PACKAGE_TARNAME "openvswitch"
| #define PACKAGE_VERSION "2.6.2"
| #define PACKAGE_STRING "openvswitch 2.6.2"
| #define PACKAGE_BUGREPORT "bugs@openvswitch.org"
| #define PACKAGE_URL ""
| #define PACKAGE "openvswitch"
| #define VERSION "2.6.2"
| #define STDC_HEADERS 1
| #define HAVE_SYS_TYPES_H 1
| #define HAVE_SYS_STAT_H 1
| #define HAVE_STDLIB_H 1
| #define HAVE_STRING_H 1
| #define HAVE_MEMORY_H 1
| #define HAVE_STRINGS_H 1
| #define HAVE_INTTYPES_H 1
| #define HAVE_STDINT_H 1
| #define HAVE_UNISTD_H 1
| #define __EXTENSIONS__ 1
| #define _ALL_SOURCE 1
| #define _GNU_SOURCE 1
| #define _POSIX_PTHREAD_SEMANTICS 1
| #define _TANDEM_SOURCE 1
| #define HAVE_DLFCN_H 1
| #define LT_OBJDIR ".libs/"
| #define HAVE_DECL_STRERROR_R 1
| #define HAVE_STRERROR_R 1
| #define STRERROR_R_CHAR_P 1
| #define VSTUDIO_DDK 1
| #define HAVE_NETLINK 1
| #define HAVE_IF_PACKET 1
| #define HAVE_DECL_SYS_SIGLIST 1
| #define HAVE_STRUCT_STAT_ST_MTIM_TV_NSEC 1
| #define HAVE_MLOCKALL 1
| #define HAVE_STRNLEN 1
| #define HAVE_GETLOADAVG 1
| #define HAVE_STATVFS 1
| #define HAVE_GETMNTENT_R 1
| #define HAVE_MNTENT_H 1
| #define HAVE_SYS_STATVFS_H 1
| #define HAVE_LINUX_TYPES_H 1
| #define HAVE_LINUX_IF_ETHER_H 1
| #define HAVE_STDATOMIC_H 1
| #define HAVE_BACKTRACE 1
| #define HAVE_LINUX_PERF_EVENT_H 1
| /* end confdefs.h.  */
| #include <valgrind/valgrind.h>
configure:14545: result: no
configure:14545: checking for valgrind/valgrind.h
configure:14545: result: no
configure:14555: checking for connect in -lsocket
configure:14580: gcc -o conftest -g -O2   conftest.c -lsocket  -lpthread -lrt -lm  >&5
/usr/bin/ld: cannot find -lsocket
collect2: error: ld returned 1 exit status
configure:14580: $? = 1
configure: failed program was:
| /* confdefs.h */
| #define PACKAGE_NAME "openvswitch"
| #define PACKAGE_TARNAME "openvswitch"
| #define PACKAGE_VERSION "2.6.2"
| #define PACKAGE_STRING "openvswitch 2.6.2"
| #define PACKAGE_BUGREPORT "bugs@openvswitch.org"
| #define PACKAGE_URL ""
| #define PACKAGE "openvswitch"
| #define VERSION "2.6.2"
| #define STDC_HEADERS 1
| #define HAVE_SYS_TYPES_H 1
| #define HAVE_SYS_STAT_H 1
| #define HAVE_STDLIB_H 1
| #define HAVE_STRING_H 1
| #define HAVE_MEMORY_H 1
| #define HAVE_STRINGS_H 1
| #define HAVE_INTTYPES_H 1
| #define HAVE_STDINT_H 1
| #define HAVE_UNISTD_H 1
| #define __EXTENSIONS__ 1
| #define _ALL_SOURCE 1
| #define _GNU_SOURCE 1
| #define _POSIX_PTHREAD_SEMANTICS 1
| #define _TANDEM_SOURCE 1
| #define HAVE_DLFCN_H 1
| #define LT_OBJDIR ".libs/"
| #define HAVE_DECL_STRERROR_R 1
| #define HAVE_STRERROR_R 1
| #define STRERROR_R_CHAR_P 1
| #define VSTUDIO_DDK 1
| #define HAVE_NETLINK 1
| #define HAVE_IF_PACKET 1
| #define HAVE_DECL_SYS_SIGLIST 1
| #define HAVE_STRUCT_STAT_ST_MTIM_TV_NSEC 1
| #define HAVE_MLOCKALL 1
| #define HAVE_STRNLEN 1
| #define HAVE_GETLOADAVG 1
| #define HAVE_STATVFS 1
| #define HAVE_GETMNTENT_R 1
| #define HAVE_MNTENT_H 1
| #define HAVE_SYS_STATVFS_H 1
| #define HAVE_LINUX_TYPES_H 1
| #define HAVE_LINUX_IF_ETHER_H 1
| #define HAVE_STDATOMIC_H 1
| #define HAVE_BACKTRACE 1
| #define HAVE_LINUX_PERF_EVENT_H 1
| /* end confdefs.h.  */
| 
| /* Override any GCC internal prototype to avoid an error.
|    Use char because int might match the return type of a GCC
|    builtin and then its argument prototype would still apply.  */
| #ifdef __cplusplus
| extern "C"
| #endif
| char connect ();
| int
| main ()
| {
| return connect ();
|   ;
|   return 0;
| }
configure:14589: result: no
configure:14600: checking for library containing gethostbyname
configure:14631: gcc -o conftest -g -O2   conftest.c -lpthread -lrt -lm  >&5
configure:14631: $? = 0
configure:14648: result: none required
configure:14656: checking XenServer release
configure:14668: result: none
configure:14680: checking for groff
configure:14691: result: yes
configure:14701: checking whether make is GNU make
configure:14707: invoking make --version:
GNU Make 4.1
Built for x86_64-pc-linux-gnu
Copyright (C) 1988-2014 Free Software Foundation, Inc.
License GPLv3+: GNU GPL version 3 or later <http://gnu.org/licenses/gpl.html>
This is free software: you are free to change and redistribute it.
There is NO WARRANTY, to the extent permitted by law.
configure:14718: result: yes
configure:14728: checking whether gcc has <threads.h> that supports thread_local
configure:14745: gcc -o conftest -g -O2   conftest.c -lpthread -lrt -lm  >&5
conftest.c:48:21: fatal error: threads.h: No such file or directory
compilation terminated.
configure:14745: $? = 1
configure: failed program was:
| /* confdefs.h */
| #define PACKAGE_NAME "openvswitch"
| #define PACKAGE_TARNAME "openvswitch"
| #define PACKAGE_VERSION "2.6.2"
| #define PACKAGE_STRING "openvswitch 2.6.2"
| #define PACKAGE_BUGREPORT "bugs@openvswitch.org"
| #define PACKAGE_URL ""
| #define PACKAGE "openvswitch"
| #define VERSION "2.6.2"
| #define STDC_HEADERS 1
| #define HAVE_SYS_TYPES_H 1
| #define HAVE_SYS_STAT_H 1
| #define HAVE_STDLIB_H 1
| #define HAVE_STRING_H 1
| #define HAVE_MEMORY_H 1
| #define HAVE_STRINGS_H 1
| #define HAVE_INTTYPES_H 1
| #define HAVE_STDINT_H 1
| #define HAVE_UNISTD_H 1
| #define __EXTENSIONS__ 1
| #define _ALL_SOURCE 1
| #define _GNU_SOURCE 1
| #define _POSIX_PTHREAD_SEMANTICS 1
| #define _TANDEM_SOURCE 1
| #define HAVE_DLFCN_H 1
| #define LT_OBJDIR ".libs/"
| #define HAVE_DECL_STRERROR_R 1
| #define HAVE_STRERROR_R 1
| #define STRERROR_R_CHAR_P 1
| #define VSTUDIO_DDK 1
| #define HAVE_NETLINK 1
| #define HAVE_IF_PACKET 1
| #define HAVE_DECL_SYS_SIGLIST 1
| #define HAVE_STRUCT_STAT_ST_MTIM_TV_NSEC 1
| #define HAVE_MLOCKALL 1
| #define HAVE_STRNLEN 1
| #define HAVE_GETLOADAVG 1
| #define HAVE_STATVFS 1
| #define HAVE_GETMNTENT_R 1
| #define HAVE_MNTENT_H 1
| #define HAVE_SYS_STATVFS_H 1
| #define HAVE_LINUX_TYPES_H 1
| #define HAVE_LINUX_IF_ETHER_H 1
| #define HAVE_STDATOMIC_H 1
| #define HAVE_BACKTRACE 1
| #define HAVE_LINUX_PERF_EVENT_H 1
| /* end confdefs.h.  */
| #include <threads.h>
| static thread_local int var;
| int
| main ()
| {
| return var;
|   ;
|   return 0;
| }
configure:14753: result: no
configure:14760: checking whether gcc supports __thread
configure:14776: gcc -o conftest -g -O2   conftest.c -lpthread -lrt -lm  >&5
configure:14776: $? = 0
configure:14784: result: yes
configure:14792: checking for library containing __atomic_load_8
configure:14823: gcc -o conftest -g -O2   conftest.c -lpthread -lrt -lm  >&5
conftest.c:56:6: warning: conflicting types for built-in function '__atomic_load_8'
 char __atomic_load_8 ();
      ^
/tmp/cckyAIod.o: In function `main':
/root/ovs/conftest.c:60: undefined reference to `__atomic_load_8'
collect2: error: ld returned 1 exit status
configure:14823: $? = 1
configure: failed program was:
| /* confdefs.h */
| #define PACKAGE_NAME "openvswitch"
| #define PACKAGE_TARNAME "openvswitch"
| #define PACKAGE_VERSION "2.6.2"
| #define PACKAGE_STRING "openvswitch 2.6.2"
| #define PACKAGE_BUGREPORT "bugs@openvswitch.org"
| #define PACKAGE_URL ""
| #define PACKAGE "openvswitch"
| #define VERSION "2.6.2"
| #define STDC_HEADERS 1
| #define HAVE_SYS_TYPES_H 1
| #define HAVE_SYS_STAT_H 1
| #define HAVE_STDLIB_H 1
| #define HAVE_STRING_H 1
| #define HAVE_MEMORY_H 1
| #define HAVE_STRINGS_H 1
| #define HAVE_INTTYPES_H 1
| #define HAVE_STDINT_H 1
| #define HAVE_UNISTD_H 1
| #define __EXTENSIONS__ 1
| #define _ALL_SOURCE 1
| #define _GNU_SOURCE 1
| #define _POSIX_PTHREAD_SEMANTICS 1
| #define _TANDEM_SOURCE 1
| #define HAVE_DLFCN_H 1
| #define LT_OBJDIR ".libs/"
| #define HAVE_DECL_STRERROR_R 1
| #define HAVE_STRERROR_R 1
| #define STRERROR_R_CHAR_P 1
| #define VSTUDIO_DDK 1
| #define HAVE_NETLINK 1
| #define HAVE_IF_PACKET 1
| #define HAVE_DECL_SYS_SIGLIST 1
| #define HAVE_STRUCT_STAT_ST_MTIM_TV_NSEC 1
| #define HAVE_MLOCKALL 1
| #define HAVE_STRNLEN 1
| #define HAVE_GETLOADAVG 1
| #define HAVE_STATVFS 1
| #define HAVE_GETMNTENT_R 1
| #define HAVE_MNTENT_H 1
| #define HAVE_SYS_STATVFS_H 1
| #define HAVE_LINUX_TYPES_H 1
| #define HAVE_LINUX_IF_ETHER_H 1
| #define HAVE_STDATOMIC_H 1
| #define HAVE_BACKTRACE 1
| #define HAVE_LINUX_PERF_EVENT_H 1
| #define HAVE___THREAD 1
| /* end confdefs.h.  */
| 
| /* Override any GCC internal prototype to avoid an error.
|    Use char because int might match the return type of a GCC
|    builtin and then its argument prototype would still apply.  */
| #ifdef __cplusplus
| extern "C"
| #endif
| char __atomic_load_8 ();
| int
| main ()
| {
| return __atomic_load_8 ();
|   ;
|   return 0;
| }
configure:14823: gcc -o conftest -g -O2   conftest.c -latomic  -lpthread -lrt -lm  >&5
conftest.c:56:6: warning: conflicting types for built-in function '__atomic_load_8'
 char __atomic_load_8 ();
      ^
configure:14823: $? = 0
configure:14840: result: -latomic
configure:14848: checking whether gcc supports GCC 4.0+ atomic built-ins
configure:14915: gcc -o conftest -g -O2   conftest.c -latomic -lpthread -lrt -lm  >&5
configure:14915: $? = 0
configure:14923: result: yes
configure:14930: checking value of __atomic_always_lock_free(1)
configure:14935: gcc -o conftest -g -O2   conftest.c -latomic -lpthread -lrt -lm  >&5
configure:14935: $? = 0
configure:14935: ./conftest
configure:14935: $? = 0
configure:14942: result: 1
configure:14951: checking value of __atomic_always_lock_free(2)
configure:14956: gcc -o conftest -g -O2   conftest.c -latomic -lpthread -lrt -lm  >&5
configure:14956: $? = 0
configure:14956: ./conftest
configure:14956: $? = 0
configure:14963: result: 1
configure:14972: checking value of __atomic_always_lock_free(4)
configure:14977: gcc -o conftest -g -O2   conftest.c -latomic -lpthread -lrt -lm  >&5
configure:14977: $? = 0
configure:14977: ./conftest
configure:14977: $? = 0
configure:14984: result: 1
configure:14993: checking value of __atomic_always_lock_free(8)
configure:14998: gcc -o conftest -g -O2   conftest.c -latomic -lpthread -lrt -lm  >&5
configure:14998: $? = 0
configure:14998: ./conftest
configure:14998: $? = 0
configure:15005: result: 1
configure:15014: checking for library containing aio_write
configure:15045: gcc -o conftest -g -O2   conftest.c -latomic -lpthread -lrt -lm  >&5
configure:15045: $? = 0
configure:15062: result: none required
configure:15080: checking for pthread_set_name_np
configure:15080: gcc -o conftest -g -O2   conftest.c -latomic -lpthread -lrt -lm  >&5
/tmp/ccplM32w.o: In function `main':
/root/ovs/conftest.c:88: undefined reference to `pthread_set_name_np'
collect2: error: ld returned 1 exit status
configure:15080: $? = 1
configure: failed program was:
| /* confdefs.h */
| #define PACKAGE_NAME "openvswitch"
| #define PACKAGE_TARNAME "openvswitch"
| #define PACKAGE_VERSION "2.6.2"
| #define PACKAGE_STRING "openvswitch 2.6.2"
| #define PACKAGE_BUGREPORT "bugs@openvswitch.org"
| #define PACKAGE_URL ""
| #define PACKAGE "openvswitch"
| #define VERSION "2.6.2"
| #define STDC_HEADERS 1
| #define HAVE_SYS_TYPES_H 1
| #define HAVE_SYS_STAT_H 1
| #define HAVE_STDLIB_H 1
| #define HAVE_STRING_H 1
| #define HAVE_MEMORY_H 1
| #define HAVE_STRINGS_H 1
| #define HAVE_INTTYPES_H 1
| #define HAVE_STDINT_H 1
| #define HAVE_UNISTD_H 1
| #define __EXTENSIONS__ 1
| #define _ALL_SOURCE 1
| #define _GNU_SOURCE 1
| #define _POSIX_PTHREAD_SEMANTICS 1
| #define _TANDEM_SOURCE 1
| #define HAVE_DLFCN_H 1
| #define LT_OBJDIR ".libs/"
| #define HAVE_DECL_STRERROR_R 1
| #define HAVE_STRERROR_R 1
| #define STRERROR_R_CHAR_P 1
| #define VSTUDIO_DDK 1
| #define HAVE_NETLINK 1
| #define HAVE_IF_PACKET 1
| #define HAVE_DECL_SYS_SIGLIST 1
| #define HAVE_STRUCT_STAT_ST_MTIM_TV_NSEC 1
| #define HAVE_MLOCKALL 1
| #define HAVE_STRNLEN 1
| #define HAVE_GETLOADAVG 1
| #define HAVE_STATVFS 1
| #define HAVE_GETMNTENT_R 1
| #define HAVE_MNTENT_H 1
| #define HAVE_SYS_STATVFS_H 1
| #define HAVE_LINUX_TYPES_H 1
| #define HAVE_LINUX_IF_ETHER_H 1
| #define HAVE_STDATOMIC_H 1
| #define HAVE_BACKTRACE 1
| #define HAVE_LINUX_PERF_EVENT_H 1
| #define HAVE___THREAD 1
| #define HAVE_GCC4_ATOMICS 1
| #define ATOMIC_ALWAYS_LOCK_FREE_1B 1
| #define ATOMIC_ALWAYS_LOCK_FREE_2B 1
| #define ATOMIC_ALWAYS_LOCK_FREE_4B 1
| #define ATOMIC_ALWAYS_LOCK_FREE_8B 1
| /* end confdefs.h.  */
| /* Define pthread_set_name_np to an innocuous variant, in case <limits.h> declares pthread_set_name_np.
|    For example, HP-UX 11i <limits.h> declares gettimeofday.  */
| #define pthread_set_name_np innocuous_pthread_set_name_np
| 
| /* System header to define __stub macros and hopefully few prototypes,
|     which can conflict with char pthread_set_name_np (); below.
|     Prefer <limits.h> to <assert.h> if __STDC__ is defined, since
|     <limits.h> exists even on freestanding compilers.  */
| 
| #ifdef __STDC__
| # include <limits.h>
| #else
| # include <assert.h>
| #endif
| 
| #undef pthread_set_name_np
| 
| /* Override any GCC internal prototype to avoid an error.
|    Use char because int might match the return type of a GCC
|    builtin and then its argument prototype would still apply.  */
| #ifdef __cplusplus
| extern "C"
| #endif
| char pthread_set_name_np ();
| /* The GNU C library defines this for functions which it implements
|     to always fail with ENOSYS.  Some functions are actually named
|     something starting with __ and the normal name is an alias.  */
| #if defined __stub_pthread_set_name_np || defined __stub___pthread_set_name_np
| choke me
| #endif
| 
| int
| main ()
| {
| return pthread_set_name_np ();
|   ;
|   return 0;
| }
configure:15080: result: no
configure:15090: checking for pthread_setname_np() variant
configure:15107: gcc -o conftest -g -O2   conftest.c -latomic -lpthread -lrt -lm  >&5
configure:15107: $? = 0
configure:15133: result: glibc
configure:15148: checking whether __linux__ is defined
configure:15164: gcc -c -g -O2  conftest.c >&5
configure:15164: $? = 0
configure:15171: result: true
configure:15181: checking for working posix_memalign
configure:15205: gcc -o conftest -g -O2   conftest.c -latomic -lpthread -lrt -lm  >&5
configure:15205: $? = 0
configure:15205: ./conftest
configure:15205: $? = 0
configure:15215: result: yes
configure:15226: checking whether the preprocessor supports include_next
configure:15264: gcc -c -g -O2  -Iconftestd1b -Iconftestd2 conftest.c >&5
configure:15264: $? = 0
configure:15285: result: yes
configure:15306: checking whether system header files limit the line length
configure:15329: result: no
configure:15355: checking for stdio.h
configure:15355: gcc -c -g -O2  conftest.c >&5
configure:15355: $? = 0
configure:15355: result: yes
configure:15355: checking for string.h
configure:15355: result: yes
configure:15520: checking whether gcc accepts -Werror
configure:15538: gcc -c -g -O2  -Werror  conftest.c >&5
configure:15538: $? = 0
configure:15546: result: yes
configure:15555: checking whether gcc accepts -Wall
configure:15573: gcc -c -g -O2 -Werror -Wall  conftest.c >&5
configure:15573: $? = 0
configure:15581: result: yes
configure:15591: checking whether gcc accepts -Wextra
configure:15609: gcc -c -g -O2 -Werror -Wextra  conftest.c >&5
configure:15609: $? = 0
configure:15617: result: yes
configure:15627: checking whether gcc accepts -Wno-sign-compare
configure:15645: gcc -c -g -O2 -Werror -Wno-sign-compare  conftest.c >&5
configure:15645: $? = 0
configure:15653: result: yes
configure:15663: checking whether gcc accepts -Wpointer-arith
configure:15681: gcc -c -g -O2 -Werror -Wpointer-arith  conftest.c >&5
configure:15681: $? = 0
configure:15689: result: yes
configure:15699: checking whether gcc accepts -Wformat-security
configure:15717: gcc -c -g -O2 -Werror -Wformat-security  conftest.c >&5
configure:15717: $? = 0
configure:15725: result: yes
configure:15735: checking whether gcc accepts -Wswitch-enum
configure:15753: gcc -c -g -O2 -Werror -Wswitch-enum  conftest.c >&5
configure:15753: $? = 0
configure:15761: result: yes
configure:15771: checking whether gcc accepts -Wunused-parameter
configure:15789: gcc -c -g -O2 -Werror -Wunused-parameter  conftest.c >&5
configure:15789: $? = 0
configure:15797: result: yes
configure:15807: checking whether gcc accepts -Wbad-function-cast
configure:15825: gcc -c -g -O2 -Werror -Wbad-function-cast  conftest.c >&5
configure:15825: $? = 0
configure:15833: result: yes
configure:15843: checking whether gcc accepts -Wcast-align
configure:15861: gcc -c -g -O2 -Werror -Wcast-align  conftest.c >&5
configure:15861: $? = 0
configure:15869: result: yes
configure:15879: checking whether gcc accepts -Wstrict-prototypes
configure:15897: gcc -c -g -O2 -Werror -Wstrict-prototypes  conftest.c >&5
conftest.c:60:1: error: function declaration isn't a prototype [-Werror=strict-prototypes]
 main ()
 ^
cc1: all warnings being treated as errors
configure:15897: $? = 1
configure: failed program was:
| /* confdefs.h */
| #define PACKAGE_NAME "openvswitch"
| #define PACKAGE_TARNAME "openvswitch"
| #define PACKAGE_VERSION "2.6.2"
| #define PACKAGE_STRING "openvswitch 2.6.2"
| #define PACKAGE_BUGREPORT "bugs@openvswitch.org"
| #define PACKAGE_URL ""
| #define PACKAGE "openvswitch"
| #define VERSION "2.6.2"
| #define STDC_HEADERS 1
| #define HAVE_SYS_TYPES_H 1
| #define HAVE_SYS_STAT_H 1
| #define HAVE_STDLIB_H 1
| #define HAVE_STRING_H 1
| #define HAVE_MEMORY_H 1
| #define HAVE_STRINGS_H 1
| #define HAVE_INTTYPES_H 1
| #define HAVE_STDINT_H 1
| #define HAVE_UNISTD_H 1
| #define __EXTENSIONS__ 1
| #define _ALL_SOURCE 1
| #define _GNU_SOURCE 1
| #define _POSIX_PTHREAD_SEMANTICS 1
| #define _TANDEM_SOURCE 1
| #define HAVE_DLFCN_H 1
| #define LT_OBJDIR ".libs/"
| #define HAVE_DECL_STRERROR_R 1
| #define HAVE_STRERROR_R 1
| #define STRERROR_R_CHAR_P 1
| #define VSTUDIO_DDK 1
| #define HAVE_NETLINK 1
| #define HAVE_IF_PACKET 1
| #define HAVE_DECL_SYS_SIGLIST 1
| #define HAVE_STRUCT_STAT_ST_MTIM_TV_NSEC 1
| #define HAVE_MLOCKALL 1
| #define HAVE_STRNLEN 1
| #define HAVE_GETLOADAVG 1
| #define HAVE_STATVFS 1
| #define HAVE_GETMNTENT_R 1
| #define HAVE_MNTENT_H 1
| #define HAVE_SYS_STATVFS_H 1
| #define HAVE_LINUX_TYPES_H 1
| #define HAVE_LINUX_IF_ETHER_H 1
| #define HAVE_STDATOMIC_H 1
| #define HAVE_BACKTRACE 1
| #define HAVE_LINUX_PERF_EVENT_H 1
| #define HAVE___THREAD 1
| #define HAVE_GCC4_ATOMICS 1
| #define ATOMIC_ALWAYS_LOCK_FREE_1B 1
| #define ATOMIC_ALWAYS_LOCK_FREE_2B 1
| #define ATOMIC_ALWAYS_LOCK_FREE_4B 1
| #define ATOMIC_ALWAYS_LOCK_FREE_8B 1
| #define HAVE_GLIBC_PTHREAD_SETNAME_NP 1
| #define HAVE_POSIX_MEMALIGN 1
| #define HAVE_STDIO_H 1
| #define HAVE_STRING_H 1
| /* end confdefs.h.  */
| 
| int
| main ()
| {
| 
|   ;
|   return 0;
| }
configure:15905: result: no
configure:15915: checking whether gcc accepts -Wold-style-definition
configure:15933: gcc -c -g -O2 -Werror -Wold-style-definition  conftest.c >&5
conftest.c: In function 'main':
conftest.c:60:1: error: old-style function definition [-Werror=old-style-definition]
 main ()
 ^
cc1: all warnings being treated as errors
configure:15933: $? = 1
configure: failed program was:
| /* confdefs.h */
| #define PACKAGE_NAME "openvswitch"
| #define PACKAGE_TARNAME "openvswitch"
| #define PACKAGE_VERSION "2.6.2"
| #define PACKAGE_STRING "openvswitch 2.6.2"
| #define PACKAGE_BUGREPORT "bugs@openvswitch.org"
| #define PACKAGE_URL ""
| #define PACKAGE "openvswitch"
| #define VERSION "2.6.2"
| #define STDC_HEADERS 1
| #define HAVE_SYS_TYPES_H 1
| #define HAVE_SYS_STAT_H 1
| #define HAVE_STDLIB_H 1
| #define HAVE_STRING_H 1
| #define HAVE_MEMORY_H 1
| #define HAVE_STRINGS_H 1
| #define HAVE_INTTYPES_H 1
| #define HAVE_STDINT_H 1
| #define HAVE_UNISTD_H 1
| #define __EXTENSIONS__ 1
| #define _ALL_SOURCE 1
| #define _GNU_SOURCE 1
| #define _POSIX_PTHREAD_SEMANTICS 1
| #define _TANDEM_SOURCE 1
| #define HAVE_DLFCN_H 1
| #define LT_OBJDIR ".libs/"
| #define HAVE_DECL_STRERROR_R 1
| #define HAVE_STRERROR_R 1
| #define STRERROR_R_CHAR_P 1
| #define VSTUDIO_DDK 1
| #define HAVE_NETLINK 1
| #define HAVE_IF_PACKET 1
| #define HAVE_DECL_SYS_SIGLIST 1
| #define HAVE_STRUCT_STAT_ST_MTIM_TV_NSEC 1
| #define HAVE_MLOCKALL 1
| #define HAVE_STRNLEN 1
| #define HAVE_GETLOADAVG 1
| #define HAVE_STATVFS 1
| #define HAVE_GETMNTENT_R 1
| #define HAVE_MNTENT_H 1
| #define HAVE_SYS_STATVFS_H 1
| #define HAVE_LINUX_TYPES_H 1
| #define HAVE_LINUX_IF_ETHER_H 1
| #define HAVE_STDATOMIC_H 1
| #define HAVE_BACKTRACE 1
| #define HAVE_LINUX_PERF_EVENT_H 1
| #define HAVE___THREAD 1
| #define HAVE_GCC4_ATOMICS 1
| #define ATOMIC_ALWAYS_LOCK_FREE_1B 1
| #define ATOMIC_ALWAYS_LOCK_FREE_2B 1
| #define ATOMIC_ALWAYS_LOCK_FREE_4B 1
| #define ATOMIC_ALWAYS_LOCK_FREE_8B 1
| #define HAVE_GLIBC_PTHREAD_SETNAME_NP 1
| #define HAVE_POSIX_MEMALIGN 1
| #define HAVE_STDIO_H 1
| #define HAVE_STRING_H 1
| /* end confdefs.h.  */
| 
| int
| main ()
| {
| 
|   ;
|   return 0;
| }
configure:15941: result: no
configure:15951: checking whether gcc accepts -Wmissing-prototypes
configure:15969: gcc -c -g -O2 -Werror -Wmissing-prototypes  conftest.c >&5
configure:15969: $? = 0
configure:15977: result: yes
configure:15987: checking whether gcc accepts -Wmissing-field-initializers
configure:16005: gcc -c -g -O2 -Werror -Wmissing-field-initializers  conftest.c >&5
configure:16005: $? = 0
configure:16013: result: yes
configure:16023: checking whether gcc accepts -Wthread-safety
configure:16041: gcc -c -g -O2 -Werror -Wthread-safety  conftest.c >&5
gcc: error: unrecognized command line option '-Wthread-safety'
configure:16041: $? = 1
configure: failed program was:
| /* confdefs.h */
| #define PACKAGE_NAME "openvswitch"
| #define PACKAGE_TARNAME "openvswitch"
| #define PACKAGE_VERSION "2.6.2"
| #define PACKAGE_STRING "openvswitch 2.6.2"
| #define PACKAGE_BUGREPORT "bugs@openvswitch.org"
| #define PACKAGE_URL ""
| #define PACKAGE "openvswitch"
| #define VERSION "2.6.2"
| #define STDC_HEADERS 1
| #define HAVE_SYS_TYPES_H 1
| #define HAVE_SYS_STAT_H 1
| #define HAVE_STDLIB_H 1
| #define HAVE_STRING_H 1
| #define HAVE_MEMORY_H 1
| #define HAVE_STRINGS_H 1
| #define HAVE_INTTYPES_H 1
| #define HAVE_STDINT_H 1
| #define HAVE_UNISTD_H 1
| #define __EXTENSIONS__ 1
| #define _ALL_SOURCE 1
| #define _GNU_SOURCE 1
| #define _POSIX_PTHREAD_SEMANTICS 1
| #define _TANDEM_SOURCE 1
| #define HAVE_DLFCN_H 1
| #define LT_OBJDIR ".libs/"
| #define HAVE_DECL_STRERROR_R 1
| #define HAVE_STRERROR_R 1
| #define STRERROR_R_CHAR_P 1
| #define VSTUDIO_DDK 1
| #define HAVE_NETLINK 1
| #define HAVE_IF_PACKET 1
| #define HAVE_DECL_SYS_SIGLIST 1
| #define HAVE_STRUCT_STAT_ST_MTIM_TV_NSEC 1
| #define HAVE_MLOCKALL 1
| #define HAVE_STRNLEN 1
| #define HAVE_GETLOADAVG 1
| #define HAVE_STATVFS 1
| #define HAVE_GETMNTENT_R 1
| #define HAVE_MNTENT_H 1
| #define HAVE_SYS_STATVFS_H 1
| #define HAVE_LINUX_TYPES_H 1
| #define HAVE_LINUX_IF_ETHER_H 1
| #define HAVE_STDATOMIC_H 1
| #define HAVE_BACKTRACE 1
| #define HAVE_LINUX_PERF_EVENT_H 1
| #define HAVE___THREAD 1
| #define HAVE_GCC4_ATOMICS 1
| #define ATOMIC_ALWAYS_LOCK_FREE_1B 1
| #define ATOMIC_ALWAYS_LOCK_FREE_2B 1
| #define ATOMIC_ALWAYS_LOCK_FREE_4B 1
| #define ATOMIC_ALWAYS_LOCK_FREE_8B 1
| #define HAVE_GLIBC_PTHREAD_SETNAME_NP 1
| #define HAVE_POSIX_MEMALIGN 1
| #define HAVE_STDIO_H 1
| #define HAVE_STRING_H 1
| /* end confdefs.h.  */
| 
| int
| main ()
| {
| 
|   ;
|   return 0;
| }
configure:16049: result: no
configure:16059: checking whether gcc accepts -fno-strict-aliasing
configure:16077: gcc -c -g -O2 -Werror -fno-strict-aliasing  conftest.c >&5
configure:16077: $? = 0
configure:16085: result: yes
configure:16095: checking whether gcc accepts -Qunused-arguments
configure:16113: gcc -c -g -O2 -Werror -Qunused-arguments  conftest.c >&5
gcc: error: unrecognized command line option '-Qunused-arguments'
configure:16113: $? = 1
configure: failed program was:
| /* confdefs.h */
| #define PACKAGE_NAME "openvswitch"
| #define PACKAGE_TARNAME "openvswitch"
| #define PACKAGE_VERSION "2.6.2"
| #define PACKAGE_STRING "openvswitch 2.6.2"
| #define PACKAGE_BUGREPORT "bugs@openvswitch.org"
| #define PACKAGE_URL ""
| #define PACKAGE "openvswitch"
| #define VERSION "2.6.2"
| #define STDC_HEADERS 1
| #define HAVE_SYS_TYPES_H 1
| #define HAVE_SYS_STAT_H 1
| #define HAVE_STDLIB_H 1
| #define HAVE_STRING_H 1
| #define HAVE_MEMORY_H 1
| #define HAVE_STRINGS_H 1
| #define HAVE_INTTYPES_H 1
| #define HAVE_STDINT_H 1
| #define HAVE_UNISTD_H 1
| #define __EXTENSIONS__ 1
| #define _ALL_SOURCE 1
| #define _GNU_SOURCE 1
| #define _POSIX_PTHREAD_SEMANTICS 1
| #define _TANDEM_SOURCE 1
| #define HAVE_DLFCN_H 1
| #define LT_OBJDIR ".libs/"
| #define HAVE_DECL_STRERROR_R 1
| #define HAVE_STRERROR_R 1
| #define STRERROR_R_CHAR_P 1
| #define VSTUDIO_DDK 1
| #define HAVE_NETLINK 1
| #define HAVE_IF_PACKET 1
| #define HAVE_DECL_SYS_SIGLIST 1
| #define HAVE_STRUCT_STAT_ST_MTIM_TV_NSEC 1
| #define HAVE_MLOCKALL 1
| #define HAVE_STRNLEN 1
| #define HAVE_GETLOADAVG 1
| #define HAVE_STATVFS 1
| #define HAVE_GETMNTENT_R 1
| #define HAVE_MNTENT_H 1
| #define HAVE_SYS_STATVFS_H 1
| #define HAVE_LINUX_TYPES_H 1
| #define HAVE_LINUX_IF_ETHER_H 1
| #define HAVE_STDATOMIC_H 1
| #define HAVE_BACKTRACE 1
| #define HAVE_LINUX_PERF_EVENT_H 1
| #define HAVE___THREAD 1
| #define HAVE_GCC4_ATOMICS 1
| #define ATOMIC_ALWAYS_LOCK_FREE_1B 1
| #define ATOMIC_ALWAYS_LOCK_FREE_2B 1
| #define ATOMIC_ALWAYS_LOCK_FREE_4B 1
| #define ATOMIC_ALWAYS_LOCK_FREE_8B 1
| #define HAVE_GLIBC_PTHREAD_SETNAME_NP 1
| #define HAVE_POSIX_MEMALIGN 1
| #define HAVE_STDIO_H 1
| #define HAVE_STRING_H 1
| /* end confdefs.h.  */
| 
| int
| main ()
| {
| 
|   ;
|   return 0;
| }
configure:16121: result: no
configure:16131: checking whether gcc accepts -Wno-unused
configure:16149: gcc -c -g -O2 -Werror -Wno-unused  conftest.c >&5
configure:16149: $? = 0
configure:16157: result: yes
configure:16174: checking whether gcc accepts -Wno-unused-parameter
configure:16192: gcc -c -g -O2 -Werror -Wno-unused-parameter  conftest.c >&5
configure:16192: $? = 0
configure:16200: result: yes
configure:16233: checking target hint for cgcc
configure:16247: result: x86_64
configure:16259: checking whether make has GNU make $(if) extension
configure:16270: invoking make -f conftest.mk all:
echo y > conftest.out
configure:16272: conftest.out contains:
y
configure:16282: result: yes
configure:21260: checking whether dpdk datapath is enabled
configure:21263: result: no
configure:21653: gcc -c -g -O2  conftest.c >&5
conftest.c:58:1: note: #pragma message: Checking for pragma message
 _Pragma("message(\"Checking for pragma message\")")
 ^
configure:21653: $? = 0
configure:21707: checking whether make supports nested variables
configure:21724: result: yes
configure:21845: checking that generated files are newer than configure
configure:21851: result: done
configure:21965: creating ./config.status

## ---------------------- ##
## Running config.status. ##
## ---------------------- ##

This file was extended by openvswitch config.status 2.6.2, which was
generated by GNU Autoconf 2.69.  Invocation command line was

  CONFIG_FILES    = 
  CONFIG_HEADERS  = 
  CONFIG_LINKS    = 
  CONFIG_COMMANDS = 
  $ ./config.status 

on shweta

config.status:1234: creating lib/stdio.h
config.status:1234: creating lib/string.h
config.status:1234: creating ovsdb/libovsdb.sym
config.status:1234: creating ofproto/libofproto.sym
config.status:1234: creating lib/libsflow.sym
config.status:1234: creating lib/libopenvswitch.sym
config.status:1234: creating ovn/lib/libovn.sym
config.status:1234: creating vtep/libvtep.sym
config.status:1234: creating Makefile
config.status:1234: creating datapath/Makefile
config.status:1234: creating datapath/linux/Kbuild
config.status:1234: creating datapath/linux/Makefile
config.status:1234: creating datapath/linux/Makefile.main
config.status:1234: creating tests/atlocal
config.status:1234: creating lib/libopenvswitch.pc
config.status:1234: creating lib/libsflow.pc
config.status:1234: creating ofproto/libofproto.pc
config.status:1234: creating ovsdb/libovsdb.pc
config.status:1234: creating include/openvswitch/version.h
config.status:1234: creating config.h
config.status:1415: config.h is unchanged
config.status:1463: executing tests/atconfig commands
config.status:1463: executing depfiles commands
config.status:1463: executing libtool commands
config.status:1463: executing include/openflow/openflow.h.stamp commands
config.status:1463: executing utilities/bugtool/dummy commands
config.status:1463: executing ovn/dummy commands
config.status:1463: executing ovn/utilities/dummy commands

## ---------------- ##
## Cache variables. ##
## ---------------- ##

ac_cv_build=x86_64-pc-linux-gnu
ac_cv_c_bigendian=no
ac_cv_c_compiler_gnu=yes
ac_cv_env_CC_set=
ac_cv_env_CC_value=
ac_cv_env_CFLAGS_set=
ac_cv_env_CFLAGS_value=
ac_cv_env_CPPFLAGS_set=
ac_cv_env_CPPFLAGS_value=
ac_cv_env_CPP_set=
ac_cv_env_CPP_value=
ac_cv_env_KARCH_set=
ac_cv_env_KARCH_value=
ac_cv_env_LDFLAGS_set=
ac_cv_env_LDFLAGS_value=
ac_cv_env_LIBS_set=
ac_cv_env_LIBS_value=
ac_cv_env_LT_SYS_LIBRARY_PATH_set=
ac_cv_env_LT_SYS_LIBRARY_PATH_value=
ac_cv_env_PERL_set=
ac_cv_env_PERL_value=
ac_cv_env_build_alias_set=
ac_cv_env_build_alias_value=
ac_cv_env_host_alias_set=
ac_cv_env_host_alias_value=
ac_cv_env_target_alias_set=
ac_cv_env_target_alias_value=
ac_cv_func_getloadavg=yes
ac_cv_func_getmntent_r=yes
ac_cv_func_mlockall=yes
ac_cv_func_pthread_set_name_np=no
ac_cv_func_statvfs=yes
ac_cv_func_strerror_r=yes
ac_cv_func_strerror_r_char_p=yes
ac_cv_func_strnlen=yes
ac_cv_have_decl_strerror_r=yes
ac_cv_have_decl_sys_siglist=yes
ac_cv_header_dlfcn_h=yes
ac_cv_header_inttypes_h=yes
ac_cv_header_linux_if_ether_h=yes
ac_cv_header_linux_netlink_h=yes
ac_cv_header_linux_perf_event_h=yes
ac_cv_header_linux_types_h=yes
ac_cv_header_memory_h=yes
ac_cv_header_minix_config_h=no
ac_cv_header_mntent_h=yes
ac_cv_header_net_if_dl_h=no
ac_cv_header_net_if_mib_h=no
ac_cv_header_net_if_packet_h=yes
ac_cv_header_stdatomic_h=yes
ac_cv_header_stdc=yes
ac_cv_header_stdint_h=yes
ac_cv_header_stdio_h=yes
ac_cv_header_stdlib_h=yes
ac_cv_header_string_h=yes
ac_cv_header_strings_h=yes
ac_cv_header_sys_stat_h=yes
ac_cv_header_sys_statvfs_h=yes
ac_cv_header_sys_types_h=yes
ac_cv_header_unistd_h=yes
ac_cv_header_valgrind_valgrind_h=no
ac_cv_header_vmware_h=no
ac_cv_header_windows_h=no
ac_cv_host=x86_64-pc-linux-gnu
ac_cv_lib_cap_ng_capng_clear=no
ac_cv_lib_socket_connect=no
ac_cv_member_struct_ifreq_ifr_flagshigh=no
ac_cv_member_struct_stat_st_mtim_tv_nsec=yes
ac_cv_member_struct_stat_st_mtimensec=no
ac_cv_objext=o
ac_cv_path_EGREP='/bin/grep -E'
ac_cv_path_FGREP='/bin/grep -F'
ac_cv_path_GREP=/bin/grep
ac_cv_path_PERL=/usr/bin/perl
ac_cv_path_PKG_CONFIG=/usr/bin/pkg-config
ac_cv_path_SED=/bin/sed
ac_cv_path_install='/usr/bin/install -c'
ac_cv_path_lt_DD=/bin/dd
ac_cv_path_mkdir=/bin/mkdir
ac_cv_prog_AWK=mawk
ac_cv_prog_CPP='gcc -E'
ac_cv_prog_ac_ct_AR=ar
ac_cv_prog_ac_ct_CC=gcc
ac_cv_prog_ac_ct_MANIFEST_TOOL=mt
ac_cv_prog_ac_ct_OBJDUMP=objdump
ac_cv_prog_ac_ct_RANLIB=ranlib
ac_cv_prog_ac_ct_STRIP=strip
ac_cv_prog_cc_c89=
ac_cv_prog_cc_c99=
ac_cv_prog_cc_g=yes
ac_cv_prog_make_make_set=yes
ac_cv_safe_to_define___extensions__=yes
ac_cv_search___atomic_load_8=-latomic
ac_cv_search_aio_write='none required'
ac_cv_search_backtrace='none required'
ac_cv_search_clock_gettime='none required'
ac_cv_search_gethostbyname='none required'
ac_cv_search_pow=-lm
ac_cv_search_pthread_create=-lpthread
ac_cv_search_timer_create=-lrt
ac_cv_sparse_target=x86_64
ac_cv_sys_file_offset_bits=no
ac_cv_sys_largefile_CC=no
am_cv_CC_dependencies_compiler_type=gcc3
am_cv_make_support_nested_variables=yes
am_cv_prog_cc_c_o=yes
am_cv_prog_tar_pax=gnutar
ax_cv_func_posix_memalign_works=yes
cl_cv_x64=no
gl_cv_have_include_next=yes
gl_cv_next_stdio_h='<stdio.h>'
gl_cv_next_string_h='<string.h>'
gl_cv_pragma_columns=no
lt_cv_ar_at_file=@
lt_cv_deplibs_check_method=pass_all
lt_cv_file_magic_cmd='$MAGIC_CMD'
lt_cv_file_magic_test_file=
lt_cv_ld_reload_flag=-r
lt_cv_nm_interface='BSD nm'
lt_cv_objdir=.libs
lt_cv_path_LD=/usr/bin/ld
lt_cv_path_NM='/usr/bin/nm -B'
lt_cv_path_mainfest_tool=no
lt_cv_prog_compiler_c_o=yes
lt_cv_prog_compiler_pic='-fPIC -DPIC'
lt_cv_prog_compiler_pic_works=yes
lt_cv_prog_compiler_rtti_exceptions=no
lt_cv_prog_compiler_static_works=yes
lt_cv_prog_gnu_ld=yes
lt_cv_sharedlib_from_linklib_cmd='printf %s\n'
lt_cv_shlibpath_overrides_runpath=no
lt_cv_sys_global_symbol_pipe='sed -n -e '\''s/^.*[	 ]\([ABCDGIRSTW][ABCDGIRSTW]*\)[	 ][	 ]*\([_A-Za-z][_A-Za-z0-9]*\)$/\1 \2 \2/p'\'' | sed '\''/ __gnu_lto/d'\'''
lt_cv_sys_global_symbol_to_c_name_address='sed -n -e '\''s/^: \(.*\) .*$/  {"\1", (void *) 0},/p'\'' -e '\''s/^[ABCDGIRSTW][ABCDGIRSTW]* .* \(.*\)$/  {"\1", (void *) \&\1},/p'\'''
lt_cv_sys_global_symbol_to_c_name_address_lib_prefix='sed -n -e '\''s/^: \(.*\) .*$/  {"\1", (void *) 0},/p'\'' -e '\''s/^[ABCDGIRSTW][ABCDGIRSTW]* .* \(lib.*\)$/  {"\1", (void *) \&\1},/p'\'' -e '\''s/^[ABCDGIRSTW][ABCDGIRSTW]* .* \(.*\)$/  {"lib\1", (void *) \&\1},/p'\'''
lt_cv_sys_global_symbol_to_cdecl='sed -n -e '\''s/^T .* \(.*\)$/extern int \1();/p'\'' -e '\''s/^[ABCDGIRSTW][ABCDGIRSTW]* .* \(.*\)$/extern char \1;/p'\'''
lt_cv_sys_global_symbol_to_import=
lt_cv_sys_max_cmd_len=1572864
lt_cv_to_host_file_cmd=func_convert_file_noop
lt_cv_to_tool_file_cmd=func_convert_file_noop
lt_cv_truncate_bin='/bin/dd bs=4096 count=1'
ovs_cv__Qunused_arguments=no
ovs_cv__Wall=yes
ovs_cv__Wbad_function_cast=yes
ovs_cv__Wcast_align=yes
ovs_cv__Werror=yes
ovs_cv__Wextra=yes
ovs_cv__Wformat_security=yes
ovs_cv__Wmissing_field_initializers=yes
ovs_cv__Wmissing_prototypes=yes
ovs_cv__Wno_sign_compare=yes
ovs_cv__Wno_unused=yes
ovs_cv__Wno_unused_parameter=yes
ovs_cv__Wold_style_definition=no
ovs_cv__Wpointer_arith=yes
ovs_cv__Wstrict_prototypes=no
ovs_cv__Wswitch_enum=yes
ovs_cv__Wthread_safety=no
ovs_cv__Wunused_parameter=yes
ovs_cv___thread=yes
ovs_cv__fno_strict_aliasing=yes
ovs_cv_atomic_always_lock_free_1=1
ovs_cv_atomic_always_lock_free_2=1
ovs_cv_atomic_always_lock_free_4=1
ovs_cv_atomic_always_lock_free_8=1
ovs_cv_dot=no
ovs_cv_flake8=no
ovs_cv_gcc4_atomics=yes
ovs_cv_gnu_make=yes
ovs_cv_gnu_make_if=yes
ovs_cv_groff=yes
ovs_cv_linux=true
ovs_cv_pthread_setname_np=glibc
ovs_cv_python3=/usr/bin/python3
ovs_cv_python=/usr/bin/python
ovs_cv_strtok_r_bug=no
ovs_cv_thread_local=no
ovs_cv_xsversion=none

## ----------------- ##
## Output variables. ##
## ----------------- ##

ACLOCAL='${SHELL} /root/ovs/build-aux/missing aclocal-1.15'
AMDEPBACKSLASH='\'
AMDEP_FALSE='#'
AMDEP_TRUE=''
AMTAR='$${TAR-tar}'
AM_BACKSLASH='\'
AM_DEFAULT_V='$(AM_DEFAULT_VERBOSITY)'
AM_DEFAULT_VERBOSITY='1'
AM_V='$(V)'
AR='ar'
AUTOCONF='${SHELL} /root/ovs/build-aux/missing autoconf'
AUTOHEADER='${SHELL} /root/ovs/build-aux/missing autoheader'
AUTOM4TE='${SHELL} /root/ovs/build-aux/missing autom4te'
AUTOMAKE='${SHELL} /root/ovs/build-aux/missing automake-1.15'
AWK='mawk'
CAPNG_LDADD=''
CC='$(if $(C),env REAL_CC="gcc" CHECK="$(SPARSE) -I $(top_srcdir)/include/sparse $(SPARSEFLAGS) $(SPARSE_EXTRA_INCLUDES) " cgcc $(CGCCFLAGS),gcc)'
CCDEPMODE='depmode=gcc3'
CFLAGS='-g -O2'
CGCCFLAGS='-target=x86_64'
CPP='gcc -E'
CPPFLAGS=''
CYGPATH_W='echo'
DBDIR='${sysconfdir}/${PACKAGE}'
DEFS='-DHAVE_CONFIG_H'
DEPDIR='.deps'
DLLTOOL='false'
DPDK_NETDEV_FALSE=''
DPDK_NETDEV_TRUE='#'
DPDK_vswitchd_LDFLAGS=''
DSYMUTIL=''
DUMPBIN=''
ECHO_C=''
ECHO_N='-n'
ECHO_T=''
EGREP='/bin/grep -E'
ESX_FALSE=''
ESX_TRUE='#'
EXEEXT=''
FGREP='/bin/grep -F'
FLAKE8_WERROR='-'
GNU_MAKE_FALSE='#'
GNU_MAKE_TRUE=''
GREP='/bin/grep'
HAVE_DOT_FALSE=''
HAVE_DOT_TRUE='#'
HAVE_FLAKE8_FALSE=''
HAVE_FLAKE8_TRUE='#'
HAVE_GROFF_FALSE='#'
HAVE_GROFF_TRUE=''
HAVE_IF_DL_FALSE=''
HAVE_IF_DL_TRUE='#'
HAVE_IF_PACKET_FALSE='#'
HAVE_IF_PACKET_TRUE=''
HAVE_LIBCAPNG=''
HAVE_LIBCAPNG_FALSE=''
HAVE_LIBCAPNG_TRUE='#'
HAVE_NETLINK_FALSE='#'
HAVE_NETLINK_TRUE=''
HAVE_OPENSSL='no'
HAVE_OPENSSL_FALSE=''
HAVE_OPENSSL_TRUE='#'
HAVE_POSIX_AIO_FALSE='#'
HAVE_POSIX_AIO_TRUE=''
HAVE_PYTHON3='yes'
HAVE_PYTHON3_FALSE='#'
HAVE_PYTHON3_TRUE=''
HAVE_PYTHON='yes'
HAVE_PYTHON_FALSE='#'
HAVE_PYTHON_TRUE=''
HAVE_WNO_UNUSED_FALSE='#'
HAVE_WNO_UNUSED_PARAMETER_FALSE='#'
HAVE_WNO_UNUSED_PARAMETER_TRUE=''
HAVE_WNO_UNUSED_TRUE=''
INCLUDE_NEXT='include_next'
INCLUDE_NEXT_AS_FIRST_DIRECTIVE='include_next'
INSTALL_DATA='${INSTALL} -m 644'
INSTALL_PROGRAM='${INSTALL}'
INSTALL_SCRIPT='${INSTALL}'
INSTALL_STRIP_PROGRAM='$(install_sh) -c -s'
KARCH=''
KBUILD=''
LD='/usr/bin/ld -m elf_x86_64'
LDFLAGS=''
LIBOBJS=''
LIBS='-latomic -lpthread -lrt -lm '
LIBTOOL='$(SHELL) $(top_builddir)/libtool'
LINUX_ENABLED_FALSE=''
LINUX_ENABLED_TRUE='#'
LINUX_FALSE='#'
LINUX_TRUE=''
LIPO=''
LN_S='ln -s'
LOGDIR='${localstatedir}/log/${PACKAGE}'
LTLIBOBJS=''
LT_AGE='0'
LT_CURRENT='1'
LT_REVISION='0'
LT_SYS_LIBRARY_PATH=''
MAKEINFO='${SHELL} /root/ovs/build-aux/missing makeinfo'
MANIFEST_TOOL=':'
MKDIR_P='/bin/mkdir -p'
MSVC64_LDFLAGS=''
MSVC_CFLAGS=''
NDEBUG_FALSE=''
NDEBUG_TRUE='#'
NEXT_AS_FIRST_DIRECTIVE_STDIO_H='<stdio.h>'
NEXT_AS_FIRST_DIRECTIVE_STRING_H='<string.h>'
NEXT_STDIO_H='<stdio.h>'
NEXT_STRING_H='<string.h>'
NM='/usr/bin/nm -B'
NMEDIT=''
OBJDUMP='objdump'
OBJEXT='o'
OTOOL64=''
OTOOL=''
OVS_CFLAGS=''
OVS_LDFLAGS=''
PACKAGE='openvswitch'
PACKAGE_BUGREPORT='bugs@openvswitch.org'
PACKAGE_NAME='openvswitch'
PACKAGE_STRING='openvswitch 2.6.2'
PACKAGE_TARNAME='openvswitch'
PACKAGE_URL=''
PACKAGE_VERSION='2.6.2'
PATH_SEPARATOR=':'
PERL='/usr/bin/perl'
PKG_CONFIG='/usr/bin/pkg-config'
PKIDIR='${localstatedir}/lib/openvswitch/pki'
PRAGMA_COLUMNS=''
PRAGMA_SYSTEM_HEADER='#pragma GCC system_header'
PTHREAD_INCLUDES=''
PTHREAD_LDFLAGS=''
PTHREAD_LIBS=''
PTHREAD_WIN32_DIR_DLL=''
PTHREAD_WIN32_DIR_DLL_WIN_FORM=''
PYTHON3='/usr/bin/python3'
PYTHON='/usr/bin/python'
RANLIB='ranlib'
RUNDIR='${localstatedir}/run/openvswitch'
SED='/bin/sed'
SET_MAKE=''
SHELL='/bin/bash'
SPARSE='sparse'
SPARSEFLAGS='-m64'
SPARSE_EXTRA_INCLUDES='-I /usr/local/include -I /usr/include/x86_64-linux-gnu '
SSL_INCLUDES=''
SSL_LDFLAGS=''
SSL_LIBS=''
STRIP='strip'
VERSION='2.6.2'
VSTUDIO_CONFIG=''
VSTUDIO_DDK_FALSE=''
VSTUDIO_DDK_TRUE='#'
WARNING_FLAGS=' -Wall -Wextra -Wno-sign-compare -Wpointer-arith -Wformat-security -Wswitch-enum -Wunused-parameter -Wbad-function-cast -Wcast-align -Wmissing-prototypes -Wmissing-field-initializers -fno-strict-aliasing'
WIN32_FALSE=''
WIN32_TRUE='#'
ac_ct_AR='ar'
ac_ct_CC='gcc'
ac_ct_DUMPBIN=''
am__EXEEXT_FALSE=''
am__EXEEXT_TRUE='#'
am__fastdepCC_FALSE='#'
am__fastdepCC_TRUE=''
am__include='include'
am__isrc=''
am__leading_dot='.'
am__nodep='_no'
am__quote=''
am__tar='tar --format=posix -chf - "$$tardir"'
am__untar='tar -xf -'
bindir='${exec_prefix}/bin'
build='x86_64-pc-linux-gnu'
build_alias=''
build_cpu='x86_64'
build_os='linux-gnu'
build_vendor='pc'
datadir='${datarootdir}'
datarootdir='${prefix}/share'
docdir='${datarootdir}/doc/${PACKAGE_TARNAME}'
dvidir='${docdir}'
exec_prefix='${prefix}'
host='x86_64-pc-linux-gnu'
host_alias=''
host_cpu='x86_64'
host_os='linux-gnu'
host_vendor='pc'
htmldir='${docdir}'
includedir='${prefix}/include'
infodir='${datarootdir}/info'
install_sh='${SHELL} /root/ovs/build-aux/install-sh'
libdir='${exec_prefix}/lib'
libexecdir='${exec_prefix}/libexec'
localedir='${datarootdir}/locale'
localstatedir='/var'
mandir='${datarootdir}/man'
mkdir_p='$(MKDIR_P)'
oldincludedir='/usr/include'
pdfdir='${docdir}'
prefix='/usr'
program_transform_name='s,x,x,'
psdir='${docdir}'
runstatedir='${localstatedir}/run'
sbindir='${exec_prefix}/sbin'
sharedstatedir='${prefix}/com'
sysconfdir='/etc'
target_alias=''

## ----------- ##
## confdefs.h. ##
## ----------- ##

/* confdefs.h */
#define PACKAGE_NAME "openvswitch"
#define PACKAGE_TARNAME "openvswitch"
#define PACKAGE_VERSION "2.6.2"
#define PACKAGE_STRING "openvswitch 2.6.2"
#define PACKAGE_BUGREPORT "bugs@openvswitch.org"
#define PACKAGE_URL ""
#define PACKAGE "openvswitch"
#define VERSION "2.6.2"
#define STDC_HEADERS 1
#define HAVE_SYS_TYPES_H 1
#define HAVE_SYS_STAT_H 1
#define HAVE_STDLIB_H 1
#define HAVE_STRING_H 1
#define HAVE_MEMORY_H 1
#define HAVE_STRINGS_H 1
#define HAVE_INTTYPES_H 1
#define HAVE_STDINT_H 1
#define HAVE_UNISTD_H 1
#define __EXTENSIONS__ 1
#define _ALL_SOURCE 1
#define _GNU_SOURCE 1
#define _POSIX_PTHREAD_SEMANTICS 1
#define _TANDEM_SOURCE 1
#define HAVE_DLFCN_H 1
#define LT_OBJDIR ".libs/"
#define HAVE_DECL_STRERROR_R 1
#define HAVE_STRERROR_R 1
#define STRERROR_R_CHAR_P 1
#define VSTUDIO_DDK 1
#define HAVE_NETLINK 1
#define HAVE_IF_PACKET 1
#define HAVE_DECL_SYS_SIGLIST 1
#define HAVE_STRUCT_STAT_ST_MTIM_TV_NSEC 1
#define HAVE_MLOCKALL 1
#define HAVE_STRNLEN 1
#define HAVE_GETLOADAVG 1
#define HAVE_STATVFS 1
#define HAVE_GETMNTENT_R 1
#define HAVE_MNTENT_H 1
#define HAVE_SYS_STATVFS_H 1
#define HAVE_LINUX_TYPES_H 1
#define HAVE_LINUX_IF_ETHER_H 1
#define HAVE_STDATOMIC_H 1
#define HAVE_BACKTRACE 1
#define HAVE_LINUX_PERF_EVENT_H 1
#define HAVE___THREAD 1
#define HAVE_GCC4_ATOMICS 1
#define ATOMIC_ALWAYS_LOCK_FREE_1B 1
#define ATOMIC_ALWAYS_LOCK_FREE_2B 1
#define ATOMIC_ALWAYS_LOCK_FREE_4B 1
#define ATOMIC_ALWAYS_LOCK_FREE_8B 1
#define HAVE_GLIBC_PTHREAD_SETNAME_NP 1
#define HAVE_POSIX_MEMALIGN 1
#define HAVE_STDIO_H 1
#define HAVE_STRING_H 1
#define HAVE_PRAGMA_MESSAGE 1

configure: exit 0
